{"/home/travis/build/npmtest/node-npmtest-dynamics.js/test.js":{"path":"/home/travis/build/npmtest/node-npmtest-dynamics.js/test.js","s":{"1":2,"2":2,"3":2,"4":2,"5":2,"6":2,"7":2,"8":1,"9":2,"10":2,"11":1,"12":1,"13":1,"14":1,"15":2,"16":2,"17":2,"18":2,"19":1,"20":1,"21":2,"22":2,"23":2,"24":1,"25":1,"26":1,"27":1,"28":1,"29":1,"30":1,"31":1,"32":1,"33":1,"34":1,"35":1,"36":1,"37":2,"38":2,"39":1,"40":2,"41":2,"42":1,"43":2,"44":2,"45":1,"46":2,"47":2,"48":1,"49":1,"50":1,"51":1,"52":1},"b":{"1":[2,1,1,1],"2":[1,1,1,1],"3":[1,1],"4":[1,1],"5":[1,1],"6":[1,1],"7":[1,1],"8":[1,1],"9":[1,1,1],"10":[1,1],"11":[1,1],"12":[1,1],"13":[1,1],"14":[1,1],"15":[1,1],"16":[1,1]},"f":{"1":2,"2":2,"3":2,"4":2,"5":2,"6":1,"7":1,"8":2,"9":2,"10":2,"11":2,"12":1},"fnMap":{"1":{"name":"(anonymous_1)","line":12,"loc":{"start":{"line":12,"column":1},"end":{"line":12,"column":13}}},"2":{"name":"(anonymous_2)","line":19,"loc":{"start":{"line":19,"column":5},"end":{"line":19,"column":17}}},"3":{"name":"(anonymous_3)","line":23,"loc":{"start":{"line":23,"column":24},"end":{"line":23,"column":36}}},"4":{"name":"(anonymous_4)","line":61,"loc":{"start":{"line":61,"column":5},"end":{"line":61,"column":17}}},"5":{"name":"(anonymous_5)","line":82,"loc":{"start":{"line":82,"column":5},"end":{"line":82,"column":17}}},"6":{"name":"(anonymous_6)","line":102,"loc":{"start":{"line":102,"column":83},"end":{"line":105,"column":10}},"skip":true},"7":{"name":"(anonymous_7)","line":113,"loc":{"start":{"line":113,"column":77},"end":{"line":116,"column":10}},"skip":true},"8":{"name":"(anonymous_8)","line":129,"loc":{"start":{"line":129,"column":12},"end":{"line":129,"column":40}},"skip":true},"9":{"name":"(anonymous_9)","line":137,"loc":{"start":{"line":137,"column":77},"end":{"line":140,"column":10}},"skip":true},"10":{"name":"(anonymous_10)","line":148,"loc":{"start":{"line":148,"column":83},"end":{"line":151,"column":10}},"skip":true},"11":{"name":"(anonymous_11)","line":159,"loc":{"start":{"line":159,"column":79},"end":{"line":162,"column":10}},"skip":true},"12":{"name":"(anonymous_12)","line":170,"loc":{"start":{"line":170,"column":75},"end":{"line":173,"column":10}},"skip":true}},"statementMap":{"1":{"start":{"line":12,"column":0},"end":{"line":185,"column":5}},"2":{"start":{"line":14,"column":4},"end":{"line":14,"column":14}},"3":{"start":{"line":19,"column":4},"end":{"line":56,"column":9}},"4":{"start":{"line":21,"column":8},"end":{"line":21,"column":19}},"5":{"start":{"line":23,"column":8},"end":{"line":35,"column":13}},"6":{"start":{"line":24,"column":12},"end":{"line":34,"column":13}},"7":{"start":{"line":25,"column":16},"end":{"line":28,"column":30}},"8":{"start":{"line":30,"column":16},"end":{"line":33,"column":27}},"9":{"start":{"line":37,"column":8},"end":{"line":39,"column":21}},"10":{"start":{"line":40,"column":8},"end":{"line":53,"column":9}},"11":{"start":{"line":43,"column":12},"end":{"line":46,"column":14}},"12":{"start":{"line":47,"column":12},"end":{"line":47,"column":18}},"13":{"start":{"line":50,"column":12},"end":{"line":51,"column":46}},"14":{"start":{"line":52,"column":12},"end":{"line":52,"column":18}},"15":{"start":{"line":55,"column":8},"end":{"line":55,"column":35}},"16":{"start":{"line":61,"column":4},"end":{"line":63,"column":9}},"17":{"start":{"line":62,"column":8},"end":{"line":62,"column":15}},"18":{"start":{"line":64,"column":4},"end":{"line":77,"column":5}},"19":{"start":{"line":70,"column":8},"end":{"line":70,"column":14}},"20":{"start":{"line":76,"column":8},"end":{"line":76,"column":14}},"21":{"start":{"line":82,"column":4},"end":{"line":84,"column":9}},"22":{"start":{"line":83,"column":8},"end":{"line":83,"column":15}},"23":{"start":{"line":85,"column":4},"end":{"line":184,"column":5}},"24":{"start":{"line":92,"column":8},"end":{"line":94,"column":63}},"25":{"start":{"line":95,"column":8},"end":{"line":95,"column":14}},"26":{"start":{"line":102,"column":8},"end":{"line":111,"column":10},"skip":true},"27":{"start":{"line":109,"column":12},"end":{"line":109,"column":55},"skip":true},"28":{"start":{"line":110,"column":12},"end":{"line":110,"column":48},"skip":true},"29":{"start":{"line":113,"column":8},"end":{"line":126,"column":10},"skip":true},"30":{"start":{"line":120,"column":12},"end":{"line":120,"column":76},"skip":true},"31":{"start":{"line":121,"column":12},"end":{"line":121,"column":73},"skip":true},"32":{"start":{"line":122,"column":12},"end":{"line":122,"column":74},"skip":true},"33":{"start":{"line":123,"column":12},"end":{"line":123,"column":79},"skip":true},"34":{"start":{"line":124,"column":12},"end":{"line":124,"column":25},"skip":true},"35":{"start":{"line":125,"column":12},"end":{"line":125,"column":45},"skip":true},"36":{"start":{"line":128,"column":8},"end":{"line":135,"column":14},"skip":true},"37":{"start":{"line":133,"column":16},"end":{"line":133,"column":29},"skip":true},"38":{"start":{"line":134,"column":16},"end":{"line":134,"column":55},"skip":true},"39":{"start":{"line":137,"column":8},"end":{"line":146,"column":10},"skip":true},"40":{"start":{"line":144,"column":12},"end":{"line":144,"column":25},"skip":true},"41":{"start":{"line":145,"column":12},"end":{"line":145,"column":45},"skip":true},"42":{"start":{"line":148,"column":8},"end":{"line":157,"column":10},"skip":true},"43":{"start":{"line":155,"column":12},"end":{"line":155,"column":25},"skip":true},"44":{"start":{"line":156,"column":12},"end":{"line":156,"column":48},"skip":true},"45":{"start":{"line":159,"column":8},"end":{"line":168,"column":10},"skip":true},"46":{"start":{"line":166,"column":12},"end":{"line":166,"column":25},"skip":true},"47":{"start":{"line":167,"column":12},"end":{"line":167,"column":46},"skip":true},"48":{"start":{"line":170,"column":8},"end":{"line":179,"column":10},"skip":true},"49":{"start":{"line":177,"column":12},"end":{"line":177,"column":94},"skip":true},"50":{"start":{"line":178,"column":12},"end":{"line":178,"column":48},"skip":true},"51":{"start":{"line":182,"column":8},"end":{"line":182,"column":35},"skip":true},"52":{"start":{"line":183,"column":8},"end":{"line":183,"column":14},"skip":true}},"branchMap":{"1":{"line":25,"type":"binary-expr","locations":[{"start":{"line":25,"column":23},"end":{"line":25,"column":62}},{"start":{"line":26,"column":20},"end":{"line":26,"column":70}},{"start":{"line":27,"column":20},"end":{"line":27,"column":71}},{"start":{"line":28,"column":20},"end":{"line":28,"column":29}}]},"2":{"line":30,"type":"binary-expr","locations":[{"start":{"line":30,"column":23},"end":{"line":30,"column":37}},{"start":{"line":31,"column":20},"end":{"line":31,"column":61}},{"start":{"line":32,"column":20},"end":{"line":32,"column":70}},{"start":{"line":33,"column":20},"end":{"line":33,"column":26}}]},"3":{"line":37,"type":"cond-expr","locations":[{"start":{"line":38,"column":14},"end":{"line":38,"column":20}},{"start":{"line":39,"column":14},"end":{"line":39,"column":20}}]},"4":{"line":40,"type":"switch","locations":[{"start":{"line":42,"column":8},"end":{"line":47,"column":18}},{"start":{"line":49,"column":8},"end":{"line":52,"column":18}}]},"5":{"line":44,"type":"binary-expr","locations":[{"start":{"line":44,"column":16},"end":{"line":44,"column":44}},{"start":{"line":44,"column":48},"end":{"line":44,"column":66}}]},"6":{"line":50,"type":"binary-expr","locations":[{"start":{"line":50,"column":21},"end":{"line":50,"column":49}},{"start":{"line":50,"column":53},"end":{"line":50,"column":72}}]},"7":{"line":64,"type":"switch","locations":[{"start":{"line":69,"column":4},"end":{"line":70,"column":14}},{"start":{"line":75,"column":4},"end":{"line":76,"column":14}}]},"8":{"line":85,"type":"switch","locations":[{"start":{"line":90,"column":4},"end":{"line":95,"column":14}},{"start":{"line":101,"column":4},"end":{"line":183,"column":14},"skip":true}]},"9":{"line":92,"type":"binary-expr","locations":[{"start":{"line":92,"column":18},"end":{"line":92,"column":32}},{"start":{"line":93,"column":12},"end":{"line":93,"column":53}},{"start":{"line":94,"column":12},"end":{"line":94,"column":61}}]},"10":{"line":102,"type":"binary-expr","locations":[{"start":{"line":102,"column":45},"end":{"line":102,"column":79},"skip":true},{"start":{"line":102,"column":83},"end":{"line":111,"column":9},"skip":true}]},"11":{"line":113,"type":"binary-expr","locations":[{"start":{"line":113,"column":42},"end":{"line":113,"column":73},"skip":true},{"start":{"line":113,"column":77},"end":{"line":126,"column":9},"skip":true}]},"12":{"line":128,"type":"binary-expr","locations":[{"start":{"line":128,"column":48},"end":{"line":128,"column":85},"skip":true},{"start":{"line":129,"column":12},"end":{"line":135,"column":13},"skip":true}]},"13":{"line":137,"type":"binary-expr","locations":[{"start":{"line":137,"column":42},"end":{"line":137,"column":73},"skip":true},{"start":{"line":137,"column":77},"end":{"line":146,"column":9},"skip":true}]},"14":{"line":148,"type":"binary-expr","locations":[{"start":{"line":148,"column":45},"end":{"line":148,"column":79},"skip":true},{"start":{"line":148,"column":83},"end":{"line":157,"column":9},"skip":true}]},"15":{"line":159,"type":"binary-expr","locations":[{"start":{"line":159,"column":43},"end":{"line":159,"column":75},"skip":true},{"start":{"line":159,"column":79},"end":{"line":168,"column":9},"skip":true}]},"16":{"line":170,"type":"binary-expr","locations":[{"start":{"line":170,"column":41},"end":{"line":170,"column":71},"skip":true},{"start":{"line":170,"column":75},"end":{"line":179,"column":9},"skip":true}]}},"code":["/* istanbul instrument in package npmtest_dynamics_js */","/*jslint","    bitwise: true,","    browser: true,","    maxerr: 8,","    maxlen: 96,","    node: true,","    nomen: true,","    regexp: true,","    stupid: true","*/","(function () {","    'use strict';","    var local;","","","","    // run shared js-env code - pre-init","    (function () {","        // init local","        local = {};","        // init modeJs","        local.modeJs = (function () {","            try {","                return typeof navigator.userAgent === 'string' &&","                    typeof document.querySelector('body') === 'object' &&","                    typeof XMLHttpRequest.prototype.open === 'function' &&","                    'browser';","            } catch (errorCaughtBrowser) {","                return module.exports &&","                    typeof process.versions.node === 'string' &&","                    typeof require('http').createServer === 'function' &&","                    'node';","            }","        }());","        // init global","        local.global = local.modeJs === 'browser'","            ? window","            : global;","        switch (local.modeJs) {","        // re-init local from window.local","        case 'browser':","            local = local.global.utility2.objectSetDefault(","                local.global.utility2_rollup || local.global.local,","                local.global.utility2","            );","            break;","        // re-init local from example.js","        case 'node':","            local = (local.global.utility2_rollup || require('utility2'))","                .requireExampleJsFromReadme();","            break;","        }","        // export local","        local.global.local = local;","    }());","","","","    // run shared js-env code - function","    (function () {","        return;","    }());","    switch (local.modeJs) {","","","","    // run browser js-env code - function","    case 'browser':","        break;","","","","    // run node js-env code - function","    case 'node':","        break;","    }","","","","    // run shared js-env code - post-init","    (function () {","        return;","    }());","    switch (local.modeJs) {","","","","    // run browser js-env code - post-init","    case 'browser':","        // run tests","        local.nop(local.modeTest &&","            document.querySelector('#testRunButton1') &&","            document.querySelector('#testRunButton1').click());","        break;","","","","    // run node js-env code - post-init","    /* istanbul ignore next */","    case 'node':","        local.testCase_buildApidoc_default = local.testCase_buildApidoc_default || function (","            options,","            onError","        ) {","        /*","         * this function will test buildApidoc's default handling-behavior-behavior","         */","            options = { modulePathList: module.paths };","            local.buildApidoc(options, onError);","        };","","        local.testCase_buildApp_default = local.testCase_buildApp_default || function (","            options,","            onError","        ) {","        /*","         * this function will test buildApp's default handling-behavior-behavior","         */","            local.testCase_buildReadme_default(options, local.onErrorThrow);","            local.testCase_buildLib_default(options, local.onErrorThrow);","            local.testCase_buildTest_default(options, local.onErrorThrow);","            local.testCase_buildCustomOrg_default(options, local.onErrorThrow);","            options = [];","            local.buildApp(options, onError);","        };","","        local.testCase_buildCustomOrg_default = local.testCase_buildCustomOrg_default ||","            function (options, onError) {","            /*","             * this function will test buildCustomOrg's default handling-behavior","             */","                options = {};","                local.buildCustomOrg(options, onError);","            };","","        local.testCase_buildLib_default = local.testCase_buildLib_default || function (","            options,","            onError","        ) {","        /*","         * this function will test buildLib's default handling-behavior","         */","            options = {};","            local.buildLib(options, onError);","        };","","        local.testCase_buildReadme_default = local.testCase_buildReadme_default || function (","            options,","            onError","        ) {","        /*","         * this function will test buildReadme's default handling-behavior-behavior","         */","            options = {};","            local.buildReadme(options, onError);","        };","","        local.testCase_buildTest_default = local.testCase_buildTest_default || function (","            options,","            onError","        ) {","        /*","         * this function will test buildTest's default handling-behavior","         */","            options = {};","            local.buildTest(options, onError);","        };","","        local.testCase_webpage_default = local.testCase_webpage_default || function (","            options,","            onError","        ) {","        /*","         * this function will test webpage's default handling-behavior","         */","            options = { modeCoverageMerge: true, url: local.serverLocalHost + '?modeTest=1' };","            local.browserTest(options, onError);","        };","","        // run test-server","        local.testRunServer(local);","        break;","    }","}());",""],"l":{"12":2,"14":2,"19":2,"21":2,"23":2,"24":2,"25":2,"30":1,"37":2,"40":2,"43":1,"47":1,"50":1,"52":1,"55":2,"61":2,"62":2,"64":2,"70":1,"76":1,"82":2,"83":2,"85":2,"92":1,"95":1,"102":1,"109":1,"110":1,"113":1,"120":1,"121":1,"122":1,"123":1,"124":1,"125":1,"128":1,"133":2,"134":2,"137":1,"144":2,"145":2,"148":1,"155":2,"156":2,"159":1,"166":2,"167":2,"170":1,"177":1,"178":1,"182":1,"183":1}},"/home/travis/build/npmtest/node-npmtest-dynamics.js/lib.npmtest_dynamics.js.js":{"path":"/home/travis/build/npmtest/node-npmtest-dynamics.js/lib.npmtest_dynamics.js.js","s":{"1":2,"2":2,"3":2,"4":2,"5":2,"6":2,"7":2,"8":1,"9":2,"10":2,"11":2,"12":2,"13":1,"14":1,"15":1,"16":1},"b":{"1":[2,1,1,1],"2":[1,1,1,1],"3":[1,1],"4":[2,2],"5":[1,1]},"f":{"1":2,"2":2,"3":2},"fnMap":{"1":{"name":"(anonymous_1)","line":12,"loc":{"start":{"line":12,"column":1},"end":{"line":12,"column":13}}},"2":{"name":"(anonymous_2)","line":19,"loc":{"start":{"line":19,"column":5},"end":{"line":19,"column":17}}},"3":{"name":"(anonymous_3)","line":23,"loc":{"start":{"line":23,"column":24},"end":{"line":23,"column":36}}}},"statementMap":{"1":{"start":{"line":12,"column":0},"end":{"line":53,"column":5}},"2":{"start":{"line":14,"column":4},"end":{"line":14,"column":14}},"3":{"start":{"line":19,"column":4},"end":{"line":52,"column":9}},"4":{"start":{"line":21,"column":8},"end":{"line":21,"column":19}},"5":{"start":{"line":23,"column":8},"end":{"line":35,"column":13}},"6":{"start":{"line":24,"column":12},"end":{"line":34,"column":13}},"7":{"start":{"line":25,"column":16},"end":{"line":28,"column":30}},"8":{"start":{"line":30,"column":16},"end":{"line":33,"column":27}},"9":{"start":{"line":37,"column":8},"end":{"line":39,"column":21}},"10":{"start":{"line":41,"column":8},"end":{"line":41,"column":54}},"11":{"start":{"line":43,"column":8},"end":{"line":43,"column":56}},"12":{"start":{"line":45,"column":8},"end":{"line":51,"column":9}},"13":{"start":{"line":46,"column":12},"end":{"line":46,"column":62}},"14":{"start":{"line":48,"column":12},"end":{"line":48,"column":35}},"15":{"start":{"line":49,"column":12},"end":{"line":49,"column":49}},"16":{"start":{"line":50,"column":12},"end":{"line":50,"column":43}}},"branchMap":{"1":{"line":25,"type":"binary-expr","locations":[{"start":{"line":25,"column":23},"end":{"line":25,"column":62}},{"start":{"line":26,"column":20},"end":{"line":26,"column":70}},{"start":{"line":27,"column":20},"end":{"line":27,"column":71}},{"start":{"line":28,"column":20},"end":{"line":28,"column":29}}]},"2":{"line":30,"type":"binary-expr","locations":[{"start":{"line":30,"column":23},"end":{"line":30,"column":37}},{"start":{"line":31,"column":20},"end":{"line":31,"column":61}},{"start":{"line":32,"column":20},"end":{"line":32,"column":70}},{"start":{"line":33,"column":20},"end":{"line":33,"column":26}}]},"3":{"line":37,"type":"cond-expr","locations":[{"start":{"line":38,"column":14},"end":{"line":38,"column":20}},{"start":{"line":39,"column":14},"end":{"line":39,"column":20}}]},"4":{"line":41,"type":"binary-expr","locations":[{"start":{"line":41,"column":16},"end":{"line":41,"column":44}},{"start":{"line":41,"column":48},"end":{"line":41,"column":53}}]},"5":{"line":45,"type":"if","locations":[{"start":{"line":45,"column":8},"end":{"line":45,"column":8}},{"start":{"line":45,"column":8},"end":{"line":45,"column":8}}]}},"code":["/* istanbul instrument in package npmtest_dynamics_js */","/*jslint","    bitwise: true,","    browser: true,","    maxerr: 8,","    maxlen: 96,","    node: true,","    nomen: true,","    regexp: true,","    stupid: true","*/","(function () {","    'use strict';","    var local;","","","","    // run shared js-env code - pre-init","    (function () {","        // init local","        local = {};","        // init modeJs","        local.modeJs = (function () {","            try {","                return typeof navigator.userAgent === 'string' &&","                    typeof document.querySelector('body') === 'object' &&","                    typeof XMLHttpRequest.prototype.open === 'function' &&","                    'browser';","            } catch (errorCaughtBrowser) {","                return module.exports &&","                    typeof process.versions.node === 'string' &&","                    typeof require('http').createServer === 'function' &&","                    'node';","            }","        }());","        // init global","        local.global = local.modeJs === 'browser'","            ? window","            : global;","        // init utility2_rollup","        local = local.global.utility2_rollup || local;","        // init lib","        local.local = local.npmtest_dynamics_js = local;","        // init exports","        if (local.modeJs === 'browser') {","            local.global.utility2_npmtest_dynamics_js = local;","        } else {","            module.exports = local;","            module.exports.__dirname = __dirname;","            module.exports.module = module;","        }","    }());","}());",""],"l":{"12":2,"14":2,"19":2,"21":2,"23":2,"24":2,"25":2,"30":1,"37":2,"41":2,"43":2,"45":2,"46":1,"48":1,"49":1,"50":1}},"/home/travis/build/npmtest/node-npmtest-dynamics.js/example.js":{"path":"/home/travis/build/npmtest/node-npmtest-dynamics.js/example.js","s":{"1":2,"2":2,"3":2,"4":2,"5":2,"6":2,"7":2,"8":1,"9":2,"10":2,"11":2,"12":2,"13":1,"14":2,"15":2,"16":2,"17":2,"18":2,"19":0,"20":2,"21":1,"22":1,"23":1,"24":1,"25":1,"26":0,"27":0,"28":1,"29":1,"30":2,"31":0,"32":0,"33":0,"34":1,"35":2,"36":2,"37":2,"38":2,"39":2,"40":2,"41":0,"42":2,"43":2,"44":2,"45":1,"46":3,"47":1,"48":1,"49":1,"50":1,"51":1,"52":1,"53":1,"54":1,"55":1,"56":1,"57":0,"58":1,"59":6,"60":6,"61":1,"62":2,"63":0,"64":2,"65":1,"66":1,"67":0,"68":0,"69":0,"70":0,"71":0,"72":0,"73":0,"74":0,"75":0,"76":0,"77":0,"78":0,"79":0,"80":0,"81":0,"82":0,"83":0},"b":{"1":[2,1,1,1],"2":[1,1,1,1],"3":[1,1],"4":[2,2],"5":[1,1],"6":[1,1],"7":[2,0],"8":[2,1,1,1,1,1],"9":[0,2,0],"10":[1,1],"11":[2,1,1],"12":[1,0],"13":[0,2],"14":[2,0,0,0,0,0,0],"15":[0,2],"16":[2,0],"17":[1,1],"18":[0,1],"19":[1,2,0,2],"20":[1,0],"21":[1,1],"22":[0,0],"23":[0,0],"24":[0,0],"25":[0,0],"26":[0,0],"27":[0,0],"28":[0,0]},"f":{"1":2,"2":2,"3":2,"4":2,"5":2,"6":2,"7":2,"8":2,"9":3,"10":1,"11":6,"12":0},"fnMap":{"1":{"name":"(anonymous_1)","line":26,"loc":{"start":{"line":26,"column":1},"end":{"line":26,"column":13}}},"2":{"name":"(anonymous_2)","line":33,"loc":{"start":{"line":33,"column":5},"end":{"line":33,"column":17}}},"3":{"name":"(anonymous_3)","line":37,"loc":{"start":{"line":37,"column":24},"end":{"line":37,"column":36}}},"4":{"name":"(anonymous_4)","line":69,"loc":{"start":{"line":69,"column":31},"end":{"line":69,"column":48}},"skip":true},"5":{"name":"(anonymous_5)","line":78,"loc":{"start":{"line":78,"column":26},"end":{"line":78,"column":45}},"skip":true},"6":{"name":"(anonymous_6)","line":123,"loc":{"start":{"line":123,"column":33},"end":{"line":123,"column":48}},"skip":true},"7":{"name":"(anonymous_7)","line":125,"loc":{"start":{"line":125,"column":27},"end":{"line":125,"column":39}},"skip":true},"8":{"name":"(anonymous_8)","line":133,"loc":{"start":{"line":133,"column":59},"end":{"line":133,"column":74}},"skip":true},"9":{"name":"(anonymous_9)","line":143,"loc":{"start":{"line":143,"column":45},"end":{"line":143,"column":62}},"skip":true},"10":{"name":"(anonymous_10)","line":144,"loc":{"start":{"line":144,"column":73},"end":{"line":144,"column":92}},"skip":true},"11":{"name":"(anonymous_11)","line":272,"loc":{"start":{"line":272,"column":51},"end":{"line":272,"column":77}},"skip":true},"12":{"name":"(anonymous_12)","line":314,"loc":{"start":{"line":314,"column":32},"end":{"line":314,"column":61}},"skip":true}},"statementMap":{"1":{"start":{"line":26,"column":0},"end":{"line":325,"column":5}},"2":{"start":{"line":28,"column":4},"end":{"line":28,"column":14}},"3":{"start":{"line":33,"column":4},"end":{"line":60,"column":9}},"4":{"start":{"line":35,"column":8},"end":{"line":35,"column":19}},"5":{"start":{"line":37,"column":8},"end":{"line":49,"column":13}},"6":{"start":{"line":38,"column":12},"end":{"line":48,"column":13}},"7":{"start":{"line":39,"column":16},"end":{"line":42,"column":30}},"8":{"start":{"line":44,"column":16},"end":{"line":47,"column":27}},"9":{"start":{"line":51,"column":8},"end":{"line":53,"column":21}},"10":{"start":{"line":55,"column":8},"end":{"line":57,"column":45}},"11":{"start":{"line":59,"column":8},"end":{"line":59,"column":35}},"12":{"start":{"line":61,"column":4},"end":{"line":324,"column":5}},"13":{"start":{"line":69,"column":8},"end":{"line":121,"column":10},"skip":true},"14":{"start":{"line":70,"column":12},"end":{"line":88,"column":13},"skip":true},"15":{"start":{"line":76,"column":16},"end":{"line":87,"column":19},"skip":true},"16":{"start":{"line":79,"column":20},"end":{"line":86,"column":21},"skip":true},"17":{"start":{"line":82,"column":24},"end":{"line":82,"column":43},"skip":true},"18":{"start":{"line":83,"column":24},"end":{"line":83,"column":30},"skip":true},"19":{"start":{"line":85,"column":24},"end":{"line":85,"column":49},"skip":true},"20":{"start":{"line":89,"column":12},"end":{"line":107,"column":13},"skip":true},"21":{"start":{"line":92,"column":16},"end":{"line":102,"column":17},"skip":true},"22":{"start":{"line":93,"column":20},"end":{"line":93,"column":86},"skip":true},"23":{"start":{"line":94,"column":20},"end":{"line":95,"column":45},"skip":true},"24":{"start":{"line":96,"column":20},"end":{"line":96,"column":42},"skip":true},"25":{"start":{"line":97,"column":20},"end":{"line":97,"column":48},"skip":true},"26":{"start":{"line":100,"column":20},"end":{"line":100,"column":85},"skip":true},"27":{"start":{"line":101,"column":20},"end":{"line":101,"column":96},"skip":true},"28":{"start":{"line":103,"column":16},"end":{"line":103,"column":22},"skip":true},"29":{"start":{"line":106,"column":16},"end":{"line":106,"column":22},"skip":true},"30":{"start":{"line":108,"column":12},"end":{"line":120,"column":13},"skip":true},"31":{"start":{"line":114,"column":16},"end":{"line":119,"column":17},"skip":true},"32":{"start":{"line":116,"column":20},"end":{"line":116,"column":78},"skip":true},"33":{"start":{"line":118,"column":20},"end":{"line":118,"column":47},"skip":true},"34":{"start":{"line":123,"column":8},"end":{"line":141,"column":11},"skip":true},"35":{"start":{"line":124,"column":12},"end":{"line":124,"column":54},"skip":true},"36":{"start":{"line":125,"column":12},"end":{"line":140,"column":14},"skip":true},"37":{"start":{"line":126,"column":16},"end":{"line":126,"column":28},"skip":true},"38":{"start":{"line":127,"column":16},"end":{"line":127,"column":69},"skip":true},"39":{"start":{"line":128,"column":16},"end":{"line":128,"column":75},"skip":true},"40":{"start":{"line":129,"column":16},"end":{"line":131,"column":17},"skip":true},"41":{"start":{"line":130,"column":20},"end":{"line":130,"column":27},"skip":true},"42":{"start":{"line":133,"column":16},"end":{"line":137,"column":36},"skip":true},"43":{"start":{"line":134,"column":20},"end":{"line":136,"column":55},"skip":true},"44":{"start":{"line":139,"column":16},"end":{"line":139,"column":57},"skip":true},"45":{"start":{"line":143,"column":8},"end":{"line":147,"column":11},"skip":true},"46":{"start":{"line":144,"column":12},"end":{"line":146,"column":15},"skip":true},"47":{"start":{"line":145,"column":16},"end":{"line":145,"column":70},"skip":true},"48":{"start":{"line":149,"column":8},"end":{"line":149,"column":31},"skip":true},"49":{"start":{"line":150,"column":8},"end":{"line":150,"column":14},"skip":true},"50":{"start":{"line":158,"column":8},"end":{"line":158,"column":31},"skip":true},"51":{"start":{"line":160,"column":8},"end":{"line":160,"column":33},"skip":true},"52":{"start":{"line":161,"column":8},"end":{"line":161,"column":37},"skip":true},"53":{"start":{"line":162,"column":8},"end":{"line":162,"column":35},"skip":true},"54":{"start":{"line":164,"column":8},"end":{"line":164,"column":50},"skip":true},"55":{"start":{"line":166,"column":8},"end":{"line":256,"column":2},"skip":true},"56":{"start":{"line":258,"column":8},"end":{"line":286,"column":9},"skip":true},"57":{"start":{"line":259,"column":12},"end":{"line":269,"column":14},"skip":true},"58":{"start":{"line":271,"column":12},"end":{"line":285,"column":19},"skip":true},"59":{"start":{"line":274,"column":20},"end":{"line":274,"column":35},"skip":true},"60":{"start":{"line":275,"column":20},"end":{"line":284,"column":21},"skip":true},"61":{"start":{"line":277,"column":24},"end":{"line":277,"column":64},"skip":true},"62":{"start":{"line":279,"column":24},"end":{"line":279,"column":40},"skip":true},"63":{"start":{"line":281,"column":24},"end":{"line":281,"column":40},"skip":true},"64":{"start":{"line":283,"column":24},"end":{"line":283,"column":39},"skip":true},"65":{"start":{"line":288,"column":8},"end":{"line":290,"column":9},"skip":true},"66":{"start":{"line":289,"column":12},"end":{"line":289,"column":18},"skip":true},"67":{"start":{"line":291,"column":8},"end":{"line":293,"column":54},"skip":true},"68":{"start":{"line":294,"column":8},"end":{"line":301,"column":37},"skip":true},"69":{"start":{"line":302,"column":8},"end":{"line":302,"column":82},"skip":true},"70":{"start":{"line":305,"column":8},"end":{"line":307,"column":9},"skip":true},"71":{"start":{"line":306,"column":12},"end":{"line":306,"column":82},"skip":true},"72":{"start":{"line":309,"column":8},"end":{"line":311,"column":9},"skip":true},"73":{"start":{"line":310,"column":12},"end":{"line":310,"column":18},"skip":true},"74":{"start":{"line":312,"column":8},"end":{"line":312,"column":54},"skip":true},"75":{"start":{"line":313,"column":8},"end":{"line":313,"column":69},"skip":true},"76":{"start":{"line":314,"column":8},"end":{"line":322,"column":36},"skip":true},"77":{"start":{"line":315,"column":12},"end":{"line":315,"column":61},"skip":true},"78":{"start":{"line":316,"column":12},"end":{"line":319,"column":13},"skip":true},"79":{"start":{"line":317,"column":16},"end":{"line":317,"column":75},"skip":true},"80":{"start":{"line":318,"column":16},"end":{"line":318,"column":23},"skip":true},"81":{"start":{"line":320,"column":12},"end":{"line":320,"column":38},"skip":true},"82":{"start":{"line":321,"column":12},"end":{"line":321,"column":27},"skip":true},"83":{"start":{"line":323,"column":8},"end":{"line":323,"column":14},"skip":true}},"branchMap":{"1":{"line":39,"type":"binary-expr","locations":[{"start":{"line":39,"column":23},"end":{"line":39,"column":62}},{"start":{"line":40,"column":20},"end":{"line":40,"column":70}},{"start":{"line":41,"column":20},"end":{"line":41,"column":71}},{"start":{"line":42,"column":20},"end":{"line":42,"column":29}}]},"2":{"line":44,"type":"binary-expr","locations":[{"start":{"line":44,"column":23},"end":{"line":44,"column":37}},{"start":{"line":45,"column":20},"end":{"line":45,"column":61}},{"start":{"line":46,"column":20},"end":{"line":46,"column":70}},{"start":{"line":47,"column":20},"end":{"line":47,"column":26}}]},"3":{"line":51,"type":"cond-expr","locations":[{"start":{"line":52,"column":14},"end":{"line":52,"column":20}},{"start":{"line":53,"column":14},"end":{"line":53,"column":20}}]},"4":{"line":55,"type":"binary-expr","locations":[{"start":{"line":55,"column":16},"end":{"line":55,"column":44}},{"start":{"line":55,"column":49},"end":{"line":57,"column":43}}]},"5":{"line":55,"type":"cond-expr","locations":[{"start":{"line":56,"column":14},"end":{"line":56,"column":55}},{"start":{"line":57,"column":14},"end":{"line":57,"column":43}}]},"6":{"line":61,"type":"switch","locations":[{"start":{"line":68,"column":4},"end":{"line":150,"column":14},"skip":true},{"start":{"line":156,"column":4},"end":{"line":323,"column":14},"skip":true}]},"7":{"line":70,"type":"if","locations":[{"start":{"line":70,"column":12},"end":{"line":70,"column":12},"skip":true},{"start":{"line":70,"column":12},"end":{"line":70,"column":12},"skip":true}]},"8":{"line":70,"type":"binary-expr","locations":[{"start":{"line":70,"column":16},"end":{"line":70,"column":22},"skip":true},{"start":{"line":70,"column":27},"end":{"line":70,"column":32},"skip":true},{"start":{"line":71,"column":20},"end":{"line":71,"column":39},"skip":true},{"start":{"line":72,"column":20},"end":{"line":72,"column":49},"skip":true},{"start":{"line":73,"column":20},"end":{"line":73,"column":58},"skip":true},{"start":{"line":74,"column":20},"end":{"line":74,"column":69},"skip":true}]},"9":{"line":79,"type":"switch","locations":[{"start":{"line":80,"column":20},"end":{"line":80,"column":33},"skip":true},{"start":{"line":81,"column":20},"end":{"line":83,"column":30},"skip":true},{"start":{"line":84,"column":20},"end":{"line":85,"column":49},"skip":true}]},"10":{"line":89,"type":"switch","locations":[{"start":{"line":90,"column":12},"end":{"line":103,"column":22},"skip":true},{"start":{"line":105,"column":12},"end":{"line":106,"column":22},"skip":true}]},"11":{"line":89,"type":"binary-expr","locations":[{"start":{"line":89,"column":20},"end":{"line":89,"column":25},"skip":true},{"start":{"line":89,"column":29},"end":{"line":89,"column":48},"skip":true},{"start":{"line":89,"column":52},"end":{"line":89,"column":74},"skip":true}]},"12":{"line":92,"type":"if","locations":[{"start":{"line":92,"column":16},"end":{"line":92,"column":16},"skip":true},{"start":{"line":92,"column":16},"end":{"line":92,"column":16},"skip":true}]},"13":{"line":108,"type":"if","locations":[{"start":{"line":108,"column":12},"end":{"line":108,"column":12},"skip":true},{"start":{"line":108,"column":12},"end":{"line":108,"column":12},"skip":true}]},"14":{"line":108,"type":"binary-expr","locations":[{"start":{"line":108,"column":16},"end":{"line":108,"column":61},"skip":true},{"start":{"line":108,"column":66},"end":{"line":108,"column":72},"skip":true},{"start":{"line":108,"column":77},"end":{"line":108,"column":82},"skip":true},{"start":{"line":109,"column":20},"end":{"line":109,"column":39},"skip":true},{"start":{"line":110,"column":20},"end":{"line":110,"column":49},"skip":true},{"start":{"line":111,"column":20},"end":{"line":111,"column":58},"skip":true},{"start":{"line":112,"column":20},"end":{"line":112,"column":68},"skip":true}]},"15":{"line":129,"type":"if","locations":[{"start":{"line":129,"column":16},"end":{"line":129,"column":16},"skip":true},{"start":{"line":129,"column":16},"end":{"line":129,"column":16},"skip":true}]},"16":{"line":134,"type":"cond-expr","locations":[{"start":{"line":135,"column":26},"end":{"line":135,"column":29},"skip":true},{"start":{"line":136,"column":26},"end":{"line":136,"column":54},"skip":true}]},"17":{"line":164,"type":"binary-expr","locations":[{"start":{"line":164,"column":27},"end":{"line":164,"column":43},"skip":true},{"start":{"line":164,"column":47},"end":{"line":164,"column":49},"skip":true}]},"18":{"line":258,"type":"if","locations":[{"start":{"line":258,"column":8},"end":{"line":258,"column":8},"skip":true},{"start":{"line":258,"column":8},"end":{"line":258,"column":8},"skip":true}]},"19":{"line":275,"type":"switch","locations":[{"start":{"line":276,"column":20},"end":{"line":277,"column":64},"skip":true},{"start":{"line":278,"column":20},"end":{"line":279,"column":40},"skip":true},{"start":{"line":280,"column":20},"end":{"line":281,"column":40},"skip":true},{"start":{"line":282,"column":20},"end":{"line":283,"column":39},"skip":true}]},"20":{"line":288,"type":"if","locations":[{"start":{"line":288,"column":8},"end":{"line":288,"column":8},"skip":true},{"start":{"line":288,"column":8},"end":{"line":288,"column":8},"skip":true}]},"21":{"line":288,"type":"binary-expr","locations":[{"start":{"line":288,"column":12},"end":{"line":288,"column":40},"skip":true},{"start":{"line":288,"column":44},"end":{"line":288,"column":67},"skip":true}]},"22":{"line":292,"type":"binary-expr","locations":[{"start":{"line":292,"column":12},"end":{"line":292,"column":50},"skip":true},{"start":{"line":293,"column":12},"end":{"line":293,"column":53},"skip":true}]},"23":{"line":295,"type":"binary-expr","locations":[{"start":{"line":295,"column":12},"end":{"line":295,"column":69},"skip":true},{"start":{"line":296,"column":12},"end":{"line":301,"column":36},"skip":true}]},"24":{"line":302,"type":"binary-expr","locations":[{"start":{"line":302,"column":43},"end":{"line":302,"column":75},"skip":true},{"start":{"line":302,"column":79},"end":{"line":302,"column":81},"skip":true}]},"25":{"line":305,"type":"if","locations":[{"start":{"line":305,"column":8},"end":{"line":305,"column":8},"skip":true},{"start":{"line":305,"column":8},"end":{"line":305,"column":8},"skip":true}]},"26":{"line":309,"type":"if","locations":[{"start":{"line":309,"column":8},"end":{"line":309,"column":8},"skip":true},{"start":{"line":309,"column":8},"end":{"line":309,"column":8},"skip":true}]},"27":{"line":312,"type":"binary-expr","locations":[{"start":{"line":312,"column":27},"end":{"line":312,"column":43},"skip":true},{"start":{"line":312,"column":47},"end":{"line":312,"column":53},"skip":true}]},"28":{"line":316,"type":"if","locations":[{"start":{"line":316,"column":12},"end":{"line":316,"column":12},"skip":true},{"start":{"line":316,"column":12},"end":{"line":316,"column":12},"skip":true}]}},"code":["/*","example.js","","quickstart example","","instruction","    1. save this script as example.js","    2. run the shell command:","        $ npm install npmtest-dynamics.js && PORT=8081 node example.js","    3. play with the browser-demo on http://127.0.0.1:8081","*/","","","","/* istanbul instrument in package npmtest_dynamics_js */","/*jslint","    bitwise: true,","    browser: true,","    maxerr: 8,","    maxlen: 96,","    node: true,","    nomen: true,","    regexp: true,","    stupid: true","*/","(function () {","    'use strict';","    var local;","","","","    // run shared js-env code - pre-init","    (function () {","        // init local","        local = {};","        // init modeJs","        local.modeJs = (function () {","            try {","                return typeof navigator.userAgent === 'string' &&","                    typeof document.querySelector('body') === 'object' &&","                    typeof XMLHttpRequest.prototype.open === 'function' &&","                    'browser';","            } catch (errorCaughtBrowser) {","                return module.exports &&","                    typeof process.versions.node === 'string' &&","                    typeof require('http').createServer === 'function' &&","                    'node';","            }","        }());","        // init global","        local.global = local.modeJs === 'browser'","            ? window","            : global;","        // init utility2_rollup","        local = local.global.utility2_rollup || (local.modeJs === 'browser'","            ? local.global.utility2_npmtest_dynamics_js","            : global.utility2_moduleExports);","        // export local","        local.global.local = local;","    }());","    switch (local.modeJs) {","","","","    // post-init","    // run browser js-env code - post-init","    /* istanbul ignore next */","    case 'browser':","        local.testRunBrowser = function (event) {","            if (!event || (event &&","                    event.currentTarget &&","                    event.currentTarget.className &&","                    event.currentTarget.className.includes &&","                    event.currentTarget.className.includes('onreset'))) {","                // reset output","                Array.from(","                    document.querySelectorAll('body > .resettable')","                ).forEach(function (element) {","                    switch (element.tagName) {","                    case 'INPUT':","                    case 'TEXTAREA':","                        element.value = '';","                        break;","                    default:","                        element.textContent = '';","                    }","                });","            }","            switch (event && event.currentTarget && event.currentTarget.id) {","            case 'testRunButton1':","                // show tests","                if (document.querySelector('#testReportDiv1').style.display === 'none') {","                    document.querySelector('#testReportDiv1').style.display = 'block';","                    document.querySelector('#testRunButton1').textContent =","                        'hide internal test';","                    local.modeTest = true;","                    local.testRunDefault(local);","                // hide tests","                } else {","                    document.querySelector('#testReportDiv1').style.display = 'none';","                    document.querySelector('#testRunButton1').textContent = 'run internal test';","                }","                break;","            // custom-case","            default:","                break;","            }","            if (document.querySelector('#inputTextareaEval1') && (!event || (event &&","                    event.currentTarget &&","                    event.currentTarget.className &&","                    event.currentTarget.className.includes &&","                    event.currentTarget.className.includes('oneval')))) {","                // try to eval input-code","                try {","                    /*jslint evil: true*/","                    eval(document.querySelector('#inputTextareaEval1').value);","                } catch (errorCaught) {","                    console.error(errorCaught);","                }","            }","        };","        // log stderr and stdout to #outputTextareaStdout1","        ['error', 'log'].forEach(function (key) {","            console[key + '_original'] = console[key];","            console[key] = function () {","                var element;","                console[key + '_original'].apply(console, arguments);","                element = document.querySelector('#outputTextareaStdout1');","                if (!element) {","                    return;","                }","                // append text to #outputTextareaStdout1","                element.value += Array.from(arguments).map(function (arg) {","                    return typeof arg === 'string'","                        ? arg","                        : JSON.stringify(arg, null, 4);","                }).join(' ') + '\\n';","                // scroll textarea to bottom","                element.scrollTop = element.scrollHeight;","            };","        });","        // init event-handling","        ['change', 'click', 'keyup'].forEach(function (event) {","            Array.from(document.querySelectorAll('.on' + event)).forEach(function (element) {","                element.addEventListener(event, local.testRunBrowser);","            });","        });","        // run tests","        local.testRunBrowser();","        break;","","","","    // run node js-env code - post-init","    /* istanbul ignore next */","    case 'node':","        // export local","        module.exports = local;","        // require modules","        local.fs = require('fs');","        local.http = require('http');","        local.url = require('url');","        // init assets","        local.assetsDict = local.assetsDict || {};","        /* jslint-ignore-begin */","        local.assetsDict['/assets.index.template.html'] = '\\","<!doctype html>\\n\\","<html lang=\"en\">\\n\\","<head>\\n\\","<meta charset=\"UTF-8\">\\n\\","<meta name=\"viewport\" content=\"width=device-width, initial-scale=1\">\\n\\","<title>{{env.npm_package_name}} (v{{env.npm_package_version}})</title>\\n\\","<style>\\n\\","/*csslint\\n\\","    box-sizing: false,\\n\\","    universal-selector: false\\n\\","*/\\n\\","* {\\n\\","    box-sizing: border-box;\\n\\","}\\n\\","body {\\n\\","    background: #dde;\\n\\","    font-family: Arial, Helvetica, sans-serif;\\n\\","    margin: 2rem;\\n\\","}\\n\\","body > * {\\n\\","    margin-bottom: 1rem;\\n\\","}\\n\\",".utility2FooterDiv {\\n\\","    margin-top: 20px;\\n\\","    text-align: center;\\n\\","}\\n\\","</style>\\n\\","<style>\\n\\","/*csslint\\n\\","*/\\n\\","textarea {\\n\\","    font-family: monospace;\\n\\","    height: 10rem;\\n\\","    width: 100%;\\n\\","}\\n\\","textarea[readonly] {\\n\\","    background: #ddd;\\n\\","}\\n\\","</style>\\n\\","</head>\\n\\","<body>\\n\\","<!-- utility2-comment\\n\\","<div id=\"ajaxProgressDiv1\" style=\"background: #d00; height: 2px; left: 0; margin: 0; padding: 0; position: fixed; top: 0; transition: background 0.5s, width 1.5s; width: 25%;\"></div>\\n\\","utility2-comment -->\\n\\","<h1>\\n\\","<!-- utility2-comment\\n\\","    <a\\n\\","        {{#if env.npm_package_homepage}}\\n\\","        href=\"{{env.npm_package_homepage}}\"\\n\\","        {{/if env.npm_package_homepage}}\\n\\","        target=\"_blank\"\\n\\","    >\\n\\","utility2-comment -->\\n\\","        {{env.npm_package_name}} (v{{env.npm_package_version}})\\n\\","<!-- utility2-comment\\n\\","    </a>\\n\\","utility2-comment -->\\n\\","</h1>\\n\\","<h3>{{env.npm_package_description}}</h3>\\n\\","<!-- utility2-comment\\n\\","<h4><a download href=\"assets.app.js\">download standalone app</a></h4>\\n\\","<button class=\"onclick onreset\" id=\"testRunButton1\">run internal test</button><br>\\n\\","<div id=\"testReportDiv1\" style=\"display: none;\"></div>\\n\\","utility2-comment -->\\n\\","\\n\\","\\n\\","\\n\\","<label>stderr and stdout</label>\\n\\","<textarea class=\"resettable\" id=\"outputTextareaStdout1\" readonly></textarea>\\n\\","<!-- utility2-comment\\n\\","{{#if isRollup}}\\n\\","<script src=\"assets.app.js\"></script>\\n\\","{{#unless isRollup}}\\n\\","utility2-comment -->\\n\\","<script src=\"assets.utility2.rollup.js\"></script>\\n\\","<script src=\"jsonp.utility2._stateInit?callback=window.utility2._stateInit\"></script>\\n\\","<script src=\"assets.npmtest_dynamics_js.rollup.js\"></script>\\n\\","<script src=\"assets.example.js\"></script>\\n\\","<script src=\"assets.test.js\"></script>\\n\\","<!-- utility2-comment\\n\\","{{/if isRollup}}\\n\\","utility2-comment -->\\n\\","<div class=\"utility2FooterDiv\">\\n\\","    [ this app was created with\\n\\","    <a href=\"https://github.com/kaizhu256/node-utility2\" target=\"_blank\">utility2</a>\\n\\","    ]\\n\\","</div>\\n\\","</body>\\n\\","</html>\\n\\","';","        /* jslint-ignore-end */","        if (local.templateRender) {","            local.assetsDict['/'] = local.templateRender(","                local.assetsDict['/assets.index.template.html'],","                {","                    env: local.objectSetDefault(local.env, {","                        npm_package_description: 'the greatest app in the world!',","                        npm_package_name: 'my-app',","                        npm_package_nameAlias: 'my_app',","                        npm_package_version: '0.0.1'","                    })","                }","            );","        } else {","            local.assetsDict['/'] = local.assetsDict['/assets.index.template.html']","                .replace((/\\{\\{env\\.(\\w+?)\\}\\}/g), function (match0, match1) {","                    // jslint-hack","                    String(match0);","                    switch (match1) {","                    case 'npm_package_description':","                        return 'the greatest app in the world!';","                    case 'npm_package_name':","                        return 'my-app';","                    case 'npm_package_nameAlias':","                        return 'my_app';","                    case 'npm_package_version':","                        return '0.0.1';","                    }","                });","        }","        // run the cli","        if (local.global.utility2_rollup || module !== require.main) {","            break;","        }","        local.assetsDict['/assets.example.js'] =","            local.assetsDict['/assets.example.js'] ||","            local.fs.readFileSync(__filename, 'utf8');","        local.assetsDict['/assets.npmtest_dynamics_js.rollup.js'] =","            local.assetsDict['/assets.npmtest_dynamics_js.rollup.js'] ||","            local.fs.readFileSync(","                // buildCustomOrg-hack","                local.npmtest_dynamics_js.__dirname +","                    '/lib.npmtest_dynamics_js.js',","                'utf8'","            ).replace((/^#!/), '//');","        local.assetsDict['/favicon.ico'] = local.assetsDict['/favicon.ico'] || '';","        // if $npm_config_timeout_exit exists,","        // then exit this process after $npm_config_timeout_exit ms","        if (Number(process.env.npm_config_timeout_exit)) {","            setTimeout(process.exit, Number(process.env.npm_config_timeout_exit));","        }","        // start server","        if (local.global.utility2_serverHttp1) {","            break;","        }","        process.env.PORT = process.env.PORT || '8081';","        console.error('server starting on port ' + process.env.PORT);","        local.http.createServer(function (request, response) {","            request.urlParsed = local.url.parse(request.url);","            if (local.assetsDict[request.urlParsed.pathname] !== undefined) {","                response.end(local.assetsDict[request.urlParsed.pathname]);","                return;","            }","            response.statusCode = 404;","            response.end();","        }).listen(process.env.PORT);","        break;","    }","}());",""],"l":{"26":2,"28":2,"33":2,"35":2,"37":2,"38":2,"39":2,"44":1,"51":2,"55":2,"59":2,"61":2,"69":1,"70":2,"76":2,"79":2,"82":2,"83":2,"85":1,"89":2,"92":1,"93":1,"94":1,"96":1,"97":1,"100":1,"101":1,"103":1,"106":1,"108":2,"114":1,"116":1,"118":1,"123":1,"124":2,"125":2,"126":2,"127":2,"128":2,"129":2,"130":1,"133":2,"134":2,"139":2,"143":1,"144":3,"145":1,"149":1,"150":1,"158":1,"160":1,"161":1,"162":1,"164":1,"166":1,"258":1,"259":1,"271":1,"274":6,"275":6,"277":1,"279":2,"281":1,"283":2,"288":1,"289":1,"291":1,"294":1,"302":1,"305":1,"306":1,"309":1,"310":1,"312":1,"313":1,"314":1,"315":1,"316":1,"317":1,"318":1,"320":1,"321":1,"323":1}},"/home/travis/build/npmtest/node-npmtest-dynamics.js/node_modules/dynamics.js/lib/dynamics.js":{"path":"/home/travis/build/npmtest/node-npmtest-dynamics.js/node_modules/dynamics.js/lib/dynamics.js","s":{"1":1,"2":1,"3":0,"4":0,"5":1,"6":0,"7":1,"8":1,"9":1,"10":1,"11":0,"12":0,"13":0,"14":0,"15":0,"16":0,"17":0,"18":1,"19":1,"20":1,"21":0,"22":0,"23":0,"24":0,"25":0,"26":0,"27":1,"28":3,"29":3,"30":3,"31":0,"32":0,"33":0,"34":0,"35":0,"36":0,"37":0,"38":0,"39":0,"40":1,"41":3,"42":0,"43":0,"44":0,"45":0,"46":0,"47":0,"48":0,"49":0,"50":0,"51":0,"52":0,"53":0,"54":1,"55":0,"56":0,"57":0,"58":0,"59":0,"60":0,"61":1,"62":0,"63":0,"64":0,"65":0,"66":0,"67":0,"68":0,"69":0,"70":1,"71":0,"72":0,"73":0,"74":0,"75":0,"76":0,"77":0,"78":0,"79":0,"80":0,"81":0,"82":0,"83":0,"84":0,"85":0,"86":0,"87":0,"88":0,"89":0,"90":0,"91":0,"92":0,"93":0,"94":0,"95":0,"96":0,"97":1,"98":0,"99":0,"100":0,"101":0,"102":1,"103":0,"104":0,"105":0,"106":1,"107":1,"108":4,"109":4,"110":4,"111":119,"112":119,"113":1,"114":0,"115":1,"116":1,"117":0,"118":0,"119":1,"120":1,"121":1,"122":1,"123":1,"124":0,"125":0,"126":0,"127":0,"128":0,"129":0,"130":0,"131":1,"132":0,"133":0,"134":0,"135":0,"136":0,"137":0,"138":0,"139":0,"140":0,"141":0,"142":1,"143":0,"144":0,"145":0,"146":0,"147":0,"148":0,"149":0,"150":0,"151":0,"152":0,"153":0,"154":0,"155":0,"156":0,"157":1,"158":0,"159":0,"160":0,"161":1,"162":0,"163":0,"164":0,"165":0,"166":0,"167":0,"168":0,"169":0,"170":0,"171":0,"172":0,"173":0,"174":0,"175":0,"176":0,"177":0,"178":0,"179":0,"180":0,"181":0,"182":0,"183":0,"184":0,"185":0,"186":0,"187":0,"188":0,"189":0,"190":1,"191":0,"192":0,"193":0,"194":0,"195":0,"196":0,"197":0,"198":1,"199":0,"200":0,"201":0,"202":0,"203":0,"204":0,"205":0,"206":0,"207":1,"208":1,"209":0,"210":0,"211":0,"212":1,"213":0,"214":0,"215":0,"216":0,"217":0,"218":0,"219":0,"220":0,"221":0,"222":1,"223":0,"224":0,"225":0,"226":0,"227":0,"228":0,"229":1,"230":0,"231":0,"232":0,"233":0,"234":0,"235":0,"236":0,"237":0,"238":0,"239":0,"240":0,"241":0,"242":0,"243":0,"244":0,"245":0,"246":0,"247":0,"248":0,"249":0,"250":0,"251":0,"252":0,"253":0,"254":0,"255":0,"256":0,"257":0,"258":1,"259":1,"260":1,"261":0,"262":0,"263":0,"264":1,"265":0,"266":0,"267":0,"268":0,"269":0,"270":0,"271":0,"272":0,"273":0,"274":0,"275":1,"276":0,"277":1,"278":0,"279":0,"280":0,"281":0,"282":0,"283":0,"284":0,"285":0,"286":1,"287":1,"288":1,"289":0,"290":0,"291":0,"292":1,"293":0,"294":0,"295":0,"296":0,"297":1,"298":0,"299":1,"300":0,"301":0,"302":0,"303":1,"304":1,"305":1,"306":0,"307":0,"308":0,"309":1,"310":0,"311":0,"312":0,"313":0,"314":0,"315":0,"316":0,"317":0,"318":0,"319":1,"320":0,"321":0,"322":0,"323":0,"324":1,"325":0,"326":0,"327":0,"328":0,"329":0,"330":0,"331":1,"332":0,"333":0,"334":0,"335":1,"336":1,"337":1,"338":0,"339":0,"340":0,"341":0,"342":0,"343":1,"344":0,"345":0,"346":0,"347":0,"348":0,"349":0,"350":0,"351":0,"352":1,"353":0,"354":0,"355":0,"356":0,"357":0,"358":1,"359":0,"360":0,"361":0,"362":0,"363":0,"364":1,"365":0,"366":1,"367":0,"368":1,"369":0,"370":1,"371":1,"372":1,"373":0,"374":0,"375":0,"376":1,"377":0,"378":0,"379":0,"380":0,"381":0,"382":0,"383":0,"384":0,"385":0,"386":0,"387":0,"388":0,"389":0,"390":1,"391":0,"392":0,"393":0,"394":0,"395":0,"396":0,"397":1,"398":0,"399":0,"400":0,"401":0,"402":0,"403":0,"404":0,"405":1,"406":1,"407":1,"408":0,"409":0,"410":0,"411":0,"412":1,"413":0,"414":0,"415":0,"416":0,"417":0,"418":0,"419":0,"420":0,"421":0,"422":0,"423":0,"424":0,"425":0,"426":0,"427":0,"428":1,"429":0,"430":1,"431":0,"432":0,"433":0,"434":0,"435":0,"436":0,"437":0,"438":0,"439":0,"440":0,"441":0,"442":1,"443":1,"444":1,"445":1,"446":0,"447":0,"448":0,"449":0,"450":0,"451":1,"452":0,"453":0,"454":0,"455":0,"456":0,"457":0,"458":0,"459":0,"460":1,"461":0,"462":0,"463":0,"464":0,"465":0,"466":0,"467":0,"468":0,"469":0,"470":0,"471":0,"472":0,"473":0,"474":0,"475":0,"476":0,"477":0,"478":0,"479":0,"480":0,"481":0,"482":0,"483":0,"484":1,"485":1,"486":1,"487":0,"488":0,"489":0,"490":0,"491":0,"492":0,"493":0,"494":1,"495":0,"496":0,"497":0,"498":1,"499":0,"500":0,"501":0,"502":0,"503":0,"504":0,"505":0,"506":0,"507":0,"508":0,"509":1,"510":0,"511":0,"512":0,"513":0,"514":0,"515":0,"516":1,"517":0,"518":0,"519":0,"520":0,"521":0,"522":0,"523":0,"524":1,"525":0,"526":0,"527":0,"528":0,"529":0,"530":0,"531":0,"532":0,"533":1,"534":0,"535":0,"536":0,"537":0,"538":0,"539":1,"540":1,"541":1,"542":0,"543":0,"544":0,"545":1,"546":0,"547":0,"548":0,"549":0,"550":0,"551":0,"552":0,"553":0,"554":0,"555":0,"556":0,"557":0,"558":0,"559":0,"560":0,"561":0,"562":0,"563":0,"564":0,"565":0,"566":0,"567":0,"568":0,"569":0,"570":0,"571":0,"572":0,"573":0,"574":0,"575":0,"576":0,"577":0,"578":0,"579":0,"580":0,"581":0,"582":0,"583":0,"584":0,"585":0,"586":1,"587":0,"588":1,"589":0,"590":0,"591":0,"592":0,"593":0,"594":0,"595":0,"596":0,"597":0,"598":0,"599":0,"600":0,"601":0,"602":0,"603":0,"604":0,"605":0,"606":0,"607":0,"608":0,"609":0,"610":0,"611":0,"612":1,"613":1,"614":1,"615":0,"616":0,"617":0,"618":0,"619":0,"620":0,"621":0,"622":0,"623":0,"624":0,"625":1,"626":0,"627":0,"628":0,"629":1,"630":0,"631":1,"632":0,"633":0,"634":0,"635":0,"636":0,"637":0,"638":0,"639":0,"640":0,"641":0,"642":0,"643":0,"644":0,"645":0,"646":0,"647":0,"648":0,"649":0,"650":0,"651":0,"652":0,"653":0,"654":0,"655":0,"656":0,"657":0,"658":0,"659":0,"660":0,"661":1,"662":0,"663":0,"664":0,"665":0,"666":0,"667":0,"668":0,"669":0,"670":0,"671":0,"672":0,"673":0,"674":0,"675":0,"676":0,"677":1,"678":0,"679":0,"680":0,"681":0,"682":0,"683":0,"684":0,"685":0,"686":0,"687":0,"688":0,"689":0,"690":0,"691":0,"692":0,"693":0,"694":0,"695":0,"696":0,"697":0,"698":0,"699":0,"700":0,"701":0,"702":0,"703":0,"704":0,"705":0,"706":0,"707":1,"708":0,"709":0,"710":0,"711":0,"712":0,"713":0,"714":0,"715":0,"716":0,"717":0,"718":0,"719":0,"720":0,"721":0,"722":0,"723":0,"724":0,"725":0,"726":0,"727":0,"728":1,"729":0,"730":0,"731":0,"732":0,"733":0,"734":0,"735":0,"736":0,"737":0,"738":0,"739":0,"740":0,"741":0,"742":0,"743":0,"744":0,"745":0,"746":0,"747":0,"748":0,"749":0,"750":0,"751":0,"752":0,"753":0,"754":0,"755":0,"756":0,"757":0,"758":0,"759":1,"760":0,"761":0,"762":0,"763":0,"764":0,"765":0,"766":0,"767":0,"768":0,"769":0,"770":0,"771":0,"772":0,"773":1,"774":0,"775":0,"776":0,"777":0,"778":0,"779":0,"780":0,"781":0,"782":0,"783":0,"784":0,"785":0,"786":0,"787":0,"788":0,"789":0,"790":0,"791":0,"792":0,"793":0,"794":0,"795":0,"796":0,"797":0,"798":0,"799":0,"800":0,"801":0,"802":0,"803":0,"804":0,"805":0,"806":0,"807":0,"808":0,"809":0,"810":0,"811":0,"812":0,"813":0,"814":0,"815":0,"816":0,"817":0,"818":0,"819":0,"820":0,"821":0,"822":0,"823":0,"824":0,"825":0,"826":0,"827":0,"828":0,"829":0,"830":0,"831":0,"832":0,"833":0,"834":0,"835":0,"836":0,"837":0,"838":0,"839":0,"840":0,"841":0,"842":0,"843":0,"844":0,"845":0,"846":0,"847":0,"848":0,"849":0,"850":0,"851":0,"852":0,"853":0,"854":0,"855":0,"856":0,"857":0,"858":0,"859":0,"860":0,"861":0,"862":0,"863":0,"864":0,"865":0,"866":0,"867":0,"868":0,"869":0,"870":0,"871":0,"872":0,"873":0,"874":0,"875":0,"876":0,"877":0,"878":0,"879":1,"880":0,"881":0,"882":0,"883":0,"884":0,"885":0,"886":0,"887":0,"888":0,"889":1,"890":0,"891":0,"892":0,"893":0,"894":0,"895":0,"896":0,"897":0,"898":0,"899":0,"900":1,"901":0,"902":0,"903":0,"904":0,"905":0,"906":0,"907":0,"908":0,"909":0,"910":0,"911":0,"912":0,"913":0,"914":1,"915":1,"916":0,"917":0,"918":0,"919":0,"920":0,"921":0,"922":0,"923":0,"924":0,"925":0,"926":0,"927":0,"928":0,"929":0,"930":0,"931":1,"932":0,"933":0,"934":0,"935":0,"936":0,"937":0,"938":0,"939":1,"940":1,"941":1,"942":1,"943":1,"944":1,"945":0,"946":0,"947":0,"948":1,"949":1,"950":1,"951":0,"952":0,"953":0,"954":0,"955":0,"956":0,"957":0,"958":1,"959":1,"960":1,"961":0,"962":0,"963":0,"964":1,"965":0,"966":0,"967":0,"968":0,"969":0,"970":0,"971":0,"972":0,"973":0,"974":0,"975":0,"976":0,"977":0,"978":0,"979":1,"980":0,"981":0,"982":0,"983":0,"984":0,"985":0,"986":0,"987":0,"988":0,"989":0,"990":0,"991":0,"992":0,"993":0,"994":0,"995":0,"996":0,"997":0,"998":0,"999":0,"1000":0,"1001":1,"1002":0,"1003":0,"1004":0,"1005":1,"1006":0,"1007":0,"1008":0,"1009":0,"1010":0,"1011":0,"1012":0,"1013":0,"1014":0,"1015":0,"1016":0,"1017":0,"1018":0,"1019":0,"1020":0,"1021":0,"1022":0,"1023":0,"1024":0,"1025":0,"1026":0,"1027":0,"1028":0,"1029":0,"1030":0,"1031":0,"1032":0,"1033":0,"1034":0,"1035":0,"1036":0,"1037":0,"1038":0,"1039":1,"1040":1,"1041":1,"1042":0,"1043":0,"1044":0,"1045":0,"1046":0,"1047":0,"1048":0,"1049":0,"1050":1,"1051":0,"1052":0,"1053":0,"1054":0,"1055":0,"1056":0,"1057":1,"1058":0,"1059":0,"1060":0,"1061":0,"1062":1,"1063":0,"1064":0,"1065":0,"1066":0,"1067":0,"1068":1,"1069":0,"1070":1,"1071":1,"1072":0,"1073":0,"1074":0,"1075":0,"1076":0,"1077":0,"1078":0,"1079":0,"1080":0,"1081":0,"1082":0,"1083":0,"1084":0,"1085":0,"1086":0,"1087":0,"1088":0,"1089":0,"1090":0,"1091":0,"1092":1,"1093":1,"1094":0,"1095":0,"1096":1,"1097":0,"1098":0,"1099":0,"1100":0,"1101":0,"1102":0,"1103":0,"1104":0,"1105":0,"1106":0,"1107":0,"1108":0,"1109":0,"1110":0,"1111":0,"1112":0,"1113":0,"1114":0,"1115":0,"1116":0,"1117":0,"1118":0,"1119":0,"1120":0,"1121":0,"1122":0,"1123":0,"1124":0,"1125":0,"1126":0,"1127":0,"1128":0,"1129":0,"1130":1,"1131":0,"1132":0,"1133":0,"1134":0,"1135":0,"1136":0,"1137":0,"1138":0,"1139":0,"1140":0,"1141":0,"1142":0,"1143":0,"1144":0,"1145":0,"1146":0,"1147":0,"1148":1,"1149":0,"1150":0,"1151":0,"1152":0,"1153":0,"1154":0,"1155":0,"1156":0,"1157":0,"1158":0,"1159":0,"1160":0,"1161":0,"1162":0,"1163":0,"1164":0,"1165":0,"1166":0,"1167":0,"1168":0,"1169":0,"1170":0,"1171":0,"1172":0,"1173":0,"1174":0,"1175":0,"1176":0,"1177":0,"1178":0,"1179":0,"1180":0,"1181":0,"1182":0,"1183":0,"1184":0,"1185":0,"1186":0,"1187":0,"1188":0,"1189":0,"1190":0,"1191":0,"1192":0,"1193":0,"1194":0,"1195":0,"1196":0,"1197":0,"1198":0,"1199":0,"1200":0,"1201":0,"1202":0,"1203":0,"1204":0,"1205":0,"1206":1,"1207":0,"1208":0,"1209":0,"1210":0,"1211":0,"1212":1,"1213":1,"1214":1,"1215":0,"1216":1,"1217":0,"1218":1,"1219":0,"1220":0,"1221":0,"1222":0,"1223":0,"1224":0,"1225":0,"1226":0,"1227":0,"1228":0,"1229":0,"1230":0,"1231":0,"1232":0,"1233":0,"1234":0,"1235":0,"1236":0,"1237":0,"1238":0,"1239":0,"1240":0,"1241":0,"1242":0,"1243":0,"1244":0,"1245":1,"1246":0,"1247":0,"1248":0,"1249":0,"1250":0,"1251":0,"1252":0,"1253":0,"1254":0,"1255":0,"1256":0,"1257":0,"1258":0,"1259":0,"1260":0,"1261":0,"1262":0,"1263":0,"1264":0,"1265":0,"1266":0,"1267":0,"1268":0,"1269":0,"1270":0,"1271":0,"1272":1,"1273":0,"1274":0,"1275":0,"1276":0,"1277":0,"1278":1,"1279":0,"1280":0,"1281":0,"1282":0,"1283":0,"1284":1,"1285":0,"1286":0,"1287":0,"1288":0,"1289":0,"1290":1,"1291":1,"1292":1,"1293":1,"1294":1,"1295":0,"1296":1,"1297":0,"1298":0,"1299":0,"1300":0,"1301":0,"1302":0,"1303":0,"1304":0,"1305":0,"1306":0,"1307":0,"1308":0,"1309":1,"1310":0,"1311":0,"1312":0,"1313":0,"1314":0,"1315":0,"1316":0,"1317":0,"1318":0,"1319":0,"1320":0,"1321":0,"1322":1,"1323":0,"1324":1,"1325":0,"1326":1,"1327":0,"1328":0,"1329":0,"1330":0,"1331":0,"1332":1,"1333":1,"1334":0,"1335":0,"1336":0,"1337":0},"b":{"1":[0,0],"2":[0,1],"3":[1,0],"4":[0,0],"5":[0,0],"6":[0,0,0],"7":[0,0],"8":[0,0],"9":[0,0],"10":[0,0],"11":[0,0],"12":[0,0],"13":[0,0],"14":[0,0],"15":[0,0],"16":[0,0],"17":[0,0],"18":[0,0],"19":[0,0],"20":[0,0],"21":[0,0,0,0],"22":[0,0],"23":[0,0],"24":[0,0],"25":[0,0],"26":[0,0],"27":[0,0],"28":[0,0],"29":[0,0],"30":[0,0],"31":[0,0],"32":[0,0],"33":[0,0],"34":[0,0],"35":[0,0],"36":[0,0],"37":[0,0],"38":[0,0],"39":[0,0],"40":[0,0],"41":[0,0],"42":[0,0],"43":[0,0],"44":[0,0],"45":[0,0,0],"46":[0,0],"47":[0,0],"48":[0,0],"49":[0,0,0],"50":[0,0],"51":[0,0],"52":[0,0],"53":[0,0],"54":[0,0],"55":[0,0],"56":[0,0],"57":[0,0],"58":[0,0],"59":[0,0],"60":[0,0],"61":[0,0],"62":[0,0],"63":[0,0],"64":[0,0],"65":[0,0],"66":[0,0],"67":[0,0],"68":[0,0],"69":[0,0],"70":[0,0],"71":[0,0],"72":[0,0],"73":[0,0],"74":[0,0],"75":[0,0],"76":[0,0],"77":[0,0],"78":[0,0],"79":[0,0],"80":[0,0],"81":[0,0],"82":[0,0],"83":[0,1],"84":[1,0],"85":[0,0],"86":[0,0],"87":[0,0],"88":[0,0],"89":[0,0],"90":[0,0],"91":[0,0],"92":[0,0],"93":[0,0],"94":[0,0],"95":[0,0],"96":[0,0],"97":[0,0],"98":[0,0],"99":[0,0],"100":[0,0],"101":[0,0],"102":[0,0],"103":[0,0],"104":[0,0],"105":[0,0],"106":[0,0],"107":[0,0],"108":[0,0,0],"109":[0,0],"110":[0,0],"111":[0,0],"112":[0,0],"113":[0,0],"114":[0,0],"115":[0,0],"116":[0,0,0,0],"117":[0,0],"118":[0,0],"119":[0,0],"120":[0,0],"121":[0,0],"122":[0,0],"123":[0,0],"124":[0,0],"125":[0,0],"126":[0,0],"127":[0,0],"128":[0,0],"129":[0,0],"130":[0,0],"131":[0,0],"132":[0,0],"133":[0,0],"134":[0,0],"135":[0,0],"136":[0,0],"137":[0,0],"138":[0,0,0],"139":[0,0],"140":[0,0],"141":[0,0],"142":[0,0],"143":[0,0],"144":[0,0],"145":[0,0],"146":[0,0],"147":[0,0],"148":[0,0],"149":[0,0],"150":[0,0],"151":[0,0],"152":[0,0],"153":[0,0],"154":[0,0],"155":[0,0],"156":[0,0],"157":[0,0],"158":[0,1],"159":[1,0],"160":[0,1],"161":[1,0],"162":[0,0],"163":[0,0,0],"164":[1,0],"165":[0,0],"166":[0,0],"167":[0,0],"168":[0,0],"169":[0,0],"170":[0,0],"171":[0,0],"172":[0,0],"173":[0,0],"174":[0,0],"175":[0,0],"176":[0,0],"177":[0,0],"178":[0,0],"179":[0,0],"180":[0,0],"181":[0,0],"182":[0,0],"183":[0,0],"184":[0,0],"185":[0,0],"186":[0,0],"187":[0,0],"188":[0,0],"189":[0,0],"190":[0,1],"191":[1,0],"192":[0,0],"193":[0,0],"194":[0,0],"195":[0,0],"196":[0,0],"197":[0,0],"198":[0,0],"199":[0,0],"200":[0,0],"201":[0,0],"202":[0,0],"203":[0,0],"204":[0,0],"205":[0,0],"206":[0,0],"207":[0,0],"208":[0,0],"209":[0,0],"210":[0,0],"211":[0,0],"212":[0,0],"213":[0,0],"214":[0,0],"215":[0,0],"216":[0,0],"217":[0,0],"218":[0,0],"219":[0,0],"220":[0,0],"221":[0,0],"222":[0,0],"223":[0,0],"224":[0,0],"225":[0,0],"226":[0,0],"227":[0,0],"228":[0,0],"229":[0,0],"230":[0,0],"231":[0,0,0],"232":[0,0],"233":[0,0],"234":[0,0],"235":[0,0],"236":[0,0],"237":[1,0],"238":[1,1],"239":[0,0]},"f":{"1":1,"2":0,"3":0,"4":0,"5":1,"6":0,"7":1,"8":0,"9":3,"10":0,"11":3,"12":0,"13":0,"14":0,"15":0,"16":0,"17":0,"18":0,"19":0,"20":1,"21":4,"22":0,"23":0,"24":0,"25":0,"26":0,"27":0,"28":0,"29":0,"30":0,"31":0,"32":1,"33":0,"34":0,"35":0,"36":0,"37":0,"38":0,"39":0,"40":0,"41":1,"42":0,"43":0,"44":0,"45":0,"46":1,"47":0,"48":0,"49":0,"50":0,"51":1,"52":0,"53":0,"54":0,"55":0,"56":0,"57":0,"58":0,"59":0,"60":1,"61":0,"62":0,"63":0,"64":0,"65":0,"66":0,"67":0,"68":1,"69":0,"70":0,"71":0,"72":0,"73":1,"74":0,"75":0,"76":0,"77":0,"78":1,"79":0,"80":0,"81":0,"82":1,"83":0,"84":0,"85":0,"86":0,"87":0,"88":0,"89":0,"90":1,"91":0,"92":0,"93":0,"94":0,"95":1,"96":0,"97":0,"98":0,"99":0,"100":0,"101":0,"102":0,"103":0,"104":0,"105":0,"106":0,"107":0,"108":0,"109":0,"110":0,"111":0,"112":0,"113":0,"114":0,"115":0,"116":0,"117":0,"118":0,"119":0,"120":0,"121":0,"122":0,"123":0,"124":0,"125":0,"126":0,"127":0,"128":0,"129":0,"130":0,"131":0,"132":0,"133":0,"134":0,"135":0,"136":0,"137":0,"138":0,"139":0,"140":0,"141":0,"142":0,"143":0,"144":0,"145":0,"146":0,"147":1,"148":0,"149":0,"150":0,"151":0,"152":0,"153":0,"154":0,"155":0,"156":0,"157":0,"158":0,"159":0,"160":0,"161":0,"162":0,"163":0,"164":0,"165":0,"166":0,"167":0,"168":0},"fnMap":{"1":{"name":"(anonymous_1)","line":2,"loc":{"start":{"line":2,"column":1},"end":{"line":2,"column":12}}},"2":{"name":"(anonymous_2)","line":4,"loc":{"start":{"line":4,"column":13},"end":{"line":4,"column":29}}},"3":{"name":"(anonymous_3)","line":4,"loc":{"start":{"line":4,"column":38},"end":{"line":4,"column":48}}},"4":{"name":"(anonymous_4)","line":6,"loc":{"start":{"line":6,"column":22},"end":{"line":6,"column":33}}},"5":{"name":"(anonymous_5)","line":10,"loc":{"start":{"line":10,"column":29},"end":{"line":10,"column":40}}},"6":{"name":"(anonymous_6)","line":14,"loc":{"start":{"line":14,"column":52},"end":{"line":14,"column":63}}},"7":{"name":"(anonymous_7)","line":24,"loc":{"start":{"line":24,"column":11},"end":{"line":24,"column":24}}},"8":{"name":"(anonymous_8)","line":29,"loc":{"start":{"line":29,"column":10},"end":{"line":29,"column":22}}},"9":{"name":"(anonymous_9)","line":39,"loc":{"start":{"line":39,"column":12},"end":{"line":39,"column":27}}},"10":{"name":"(anonymous_10)","line":42,"loc":{"start":{"line":42,"column":11},"end":{"line":42,"column":22}}},"11":{"name":"(anonymous_11)","line":57,"loc":{"start":{"line":57,"column":16},"end":{"line":57,"column":29}}},"12":{"name":"(anonymous_12)","line":58,"loc":{"start":{"line":58,"column":11},"end":{"line":58,"column":24}}},"13":{"name":"(anonymous_13)","line":61,"loc":{"start":{"line":61,"column":15},"end":{"line":61,"column":26}}},"14":{"name":"(anonymous_14)","line":77,"loc":{"start":{"line":77,"column":18},"end":{"line":77,"column":46}}},"15":{"name":"(anonymous_15)","line":87,"loc":{"start":{"line":87,"column":15},"end":{"line":87,"column":40}}},"16":{"name":"(anonymous_16)","line":101,"loc":{"start":{"line":101,"column":20},"end":{"line":101,"column":45}}},"17":{"name":"(anonymous_17)","line":133,"loc":{"start":{"line":133,"column":28},"end":{"line":133,"column":48}}},"18":{"name":"(anonymous_18)","line":141,"loc":{"start":{"line":141,"column":17},"end":{"line":141,"column":30}}},"19":{"name":"(anonymous_19)","line":150,"loc":{"start":{"line":150,"column":11},"end":{"line":150,"column":32}}},"20":{"name":"(anonymous_20)","line":156,"loc":{"start":{"line":156,"column":9},"end":{"line":156,"column":20}}},"21":{"name":"Set","line":157,"loc":{"start":{"line":157,"column":4},"end":{"line":157,"column":24}}},"22":{"name":"(anonymous_22)","line":166,"loc":{"start":{"line":166,"column":29},"end":{"line":166,"column":41}}},"23":{"name":"(anonymous_23)","line":174,"loc":{"start":{"line":174,"column":13},"end":{"line":174,"column":27}}},"24":{"name":"(anonymous_24)","line":175,"loc":{"start":{"line":175,"column":35},"end":{"line":175,"column":48}}},"25":{"name":"(anonymous_25)","line":188,"loc":{"start":{"line":188,"column":20},"end":{"line":188,"column":35}}},"26":{"name":"(anonymous_26)","line":200,"loc":{"start":{"line":200,"column":30},"end":{"line":200,"column":45}}},"27":{"name":"(anonymous_27)","line":216,"loc":{"start":{"line":216,"column":20},"end":{"line":216,"column":41}}},"28":{"name":"(anonymous_28)","line":239,"loc":{"start":{"line":239,"column":23},"end":{"line":239,"column":37}}},"29":{"name":"(anonymous_29)","line":245,"loc":{"start":{"line":245,"column":25},"end":{"line":245,"column":44}}},"30":{"name":"(anonymous_30)","line":289,"loc":{"start":{"line":289,"column":34},"end":{"line":289,"column":59}}},"31":{"name":"(anonymous_31)","line":301,"loc":{"start":{"line":301,"column":23},"end":{"line":301,"column":39}}},"32":{"name":"(anonymous_32)","line":314,"loc":{"start":{"line":314,"column":24},"end":{"line":314,"column":35}}},"33":{"name":"InterpolableString","line":315,"loc":{"start":{"line":315,"column":4},"end":{"line":315,"column":39}}},"34":{"name":"(anonymous_34)","line":321,"loc":{"start":{"line":321,"column":47},"end":{"line":321,"column":76}}},"35":{"name":"(anonymous_35)","line":336,"loc":{"start":{"line":336,"column":42},"end":{"line":336,"column":53}}},"36":{"name":"(anonymous_36)","line":338,"loc":{"start":{"line":338,"column":29},"end":{"line":338,"column":43}}},"37":{"name":"(anonymous_37)","line":348,"loc":{"start":{"line":348,"column":32},"end":{"line":348,"column":48}}},"38":{"name":"(anonymous_38)","line":356,"loc":{"start":{"line":356,"column":17},"end":{"line":356,"column":29}}},"39":{"name":"(anonymous_39)","line":362,"loc":{"start":{"line":362,"column":17},"end":{"line":362,"column":29}}},"40":{"name":"(anonymous_40)","line":382,"loc":{"start":{"line":382,"column":29},"end":{"line":382,"column":44}}},"41":{"name":"(anonymous_41)","line":412,"loc":{"start":{"line":412,"column":24},"end":{"line":412,"column":35}}},"42":{"name":"InterpolableObject","line":413,"loc":{"start":{"line":413,"column":4},"end":{"line":413,"column":37}}},"43":{"name":"(anonymous_43)","line":419,"loc":{"start":{"line":419,"column":47},"end":{"line":419,"column":76}}},"44":{"name":"(anonymous_44)","line":435,"loc":{"start":{"line":435,"column":42},"end":{"line":435,"column":53}}},"45":{"name":"(anonymous_45)","line":439,"loc":{"start":{"line":439,"column":32},"end":{"line":439,"column":48}}},"46":{"name":"(anonymous_46)","line":456,"loc":{"start":{"line":456,"column":24},"end":{"line":456,"column":35}}},"47":{"name":"InterpolableNumber","line":457,"loc":{"start":{"line":457,"column":4},"end":{"line":457,"column":39}}},"48":{"name":"(anonymous_48)","line":463,"loc":{"start":{"line":463,"column":47},"end":{"line":463,"column":76}}},"49":{"name":"(anonymous_49)","line":470,"loc":{"start":{"line":470,"column":42},"end":{"line":470,"column":53}}},"50":{"name":"(anonymous_50)","line":474,"loc":{"start":{"line":474,"column":32},"end":{"line":474,"column":48}}},"51":{"name":"(anonymous_51)","line":485,"loc":{"start":{"line":485,"column":23},"end":{"line":485,"column":34}}},"52":{"name":"InterpolableArray","line":486,"loc":{"start":{"line":486,"column":4},"end":{"line":486,"column":39}}},"53":{"name":"(anonymous_53)","line":492,"loc":{"start":{"line":492,"column":46},"end":{"line":492,"column":75}}},"54":{"name":"(anonymous_54)","line":507,"loc":{"start":{"line":507,"column":41},"end":{"line":507,"column":52}}},"55":{"name":"(anonymous_55)","line":508,"loc":{"start":{"line":508,"column":29},"end":{"line":508,"column":43}}},"56":{"name":"(anonymous_56)","line":517,"loc":{"start":{"line":517,"column":40},"end":{"line":517,"column":54}}},"57":{"name":"(anonymous_57)","line":519,"loc":{"start":{"line":519,"column":23},"end":{"line":519,"column":37}}},"58":{"name":"(anonymous_58)","line":522,"loc":{"start":{"line":522,"column":29},"end":{"line":522,"column":43}}},"59":{"name":"(anonymous_59)","line":528,"loc":{"start":{"line":528,"column":31},"end":{"line":528,"column":47}}},"60":{"name":"(anonymous_60)","line":539,"loc":{"start":{"line":539,"column":11},"end":{"line":539,"column":22}}},"61":{"name":"Color","line":540,"loc":{"start":{"line":540,"column":4},"end":{"line":540,"column":32}}},"62":{"name":"(anonymous_62)","line":548,"loc":{"start":{"line":548,"column":20},"end":{"line":548,"column":34}}},"63":{"name":"(anonymous_63)","line":566,"loc":{"start":{"line":566,"column":20},"end":{"line":566,"column":34}}},"64":{"name":"(anonymous_64)","line":580,"loc":{"start":{"line":580,"column":27},"end":{"line":580,"column":39}}},"65":{"name":"(anonymous_65)","line":590,"loc":{"start":{"line":590,"column":28},"end":{"line":590,"column":39}}},"66":{"name":"(anonymous_66)","line":594,"loc":{"start":{"line":594,"column":28},"end":{"line":594,"column":39}}},"67":{"name":"(anonymous_67)","line":598,"loc":{"start":{"line":598,"column":29},"end":{"line":598,"column":40}}},"68":{"name":"(anonymous_68)","line":606,"loc":{"start":{"line":606,"column":23},"end":{"line":606,"column":34}}},"69":{"name":"InterpolableColor","line":607,"loc":{"start":{"line":607,"column":4},"end":{"line":607,"column":38}}},"70":{"name":"(anonymous_70)","line":613,"loc":{"start":{"line":613,"column":46},"end":{"line":613,"column":75}}},"71":{"name":"(anonymous_71)","line":630,"loc":{"start":{"line":630,"column":41},"end":{"line":630,"column":52}}},"72":{"name":"(anonymous_72)","line":640,"loc":{"start":{"line":640,"column":31},"end":{"line":640,"column":47}}},"73":{"name":"(anonymous_73)","line":656,"loc":{"start":{"line":656,"column":24},"end":{"line":656,"column":35}}},"74":{"name":"DecomposedMatrix2D","line":657,"loc":{"start":{"line":657,"column":4},"end":{"line":657,"column":39}}},"75":{"name":"(anonymous_75)","line":664,"loc":{"start":{"line":664,"column":47},"end":{"line":664,"column":70}}},"76":{"name":"(anonymous_76)","line":686,"loc":{"start":{"line":686,"column":42},"end":{"line":686,"column":53}}},"77":{"name":"(anonymous_77)","line":690,"loc":{"start":{"line":690,"column":53},"end":{"line":690,"column":71}}},"78":{"name":"(anonymous_78)","line":711,"loc":{"start":{"line":711,"column":14},"end":{"line":711,"column":25}}},"79":{"name":"Matrix2D","line":712,"loc":{"start":{"line":712,"column":4},"end":{"line":712,"column":25}}},"80":{"name":"(anonymous_80)","line":721,"loc":{"start":{"line":721,"column":35},"end":{"line":721,"column":46}}},"81":{"name":"(anonymous_81)","line":737,"loc":{"start":{"line":737,"column":41},"end":{"line":737,"column":62}}},"82":{"name":"(anonymous_82)","line":770,"loc":{"start":{"line":770,"column":12},"end":{"line":770,"column":23}}},"83":{"name":"Vector","line":771,"loc":{"start":{"line":771,"column":4},"end":{"line":771,"column":25}}},"84":{"name":"(anonymous_84)","line":781,"loc":{"start":{"line":781,"column":25},"end":{"line":781,"column":37}}},"85":{"name":"(anonymous_85)","line":789,"loc":{"start":{"line":789,"column":27},"end":{"line":789,"column":44}}},"86":{"name":"(anonymous_86)","line":804,"loc":{"start":{"line":804,"column":29},"end":{"line":804,"column":46}}},"87":{"name":"(anonymous_87)","line":814,"loc":{"start":{"line":814,"column":30},"end":{"line":814,"column":41}}},"88":{"name":"(anonymous_88)","line":825,"loc":{"start":{"line":825,"column":33},"end":{"line":825,"column":44}}},"89":{"name":"(anonymous_89)","line":837,"loc":{"start":{"line":837,"column":31},"end":{"line":837,"column":55}}},"90":{"name":"(anonymous_90)","line":850,"loc":{"start":{"line":850,"column":22},"end":{"line":850,"column":33}}},"91":{"name":"DecomposedMatrix","line":851,"loc":{"start":{"line":851,"column":4},"end":{"line":851,"column":32}}},"92":{"name":"(anonymous_92)","line":857,"loc":{"start":{"line":857,"column":45},"end":{"line":857,"column":76}}},"93":{"name":"(anonymous_93)","line":914,"loc":{"start":{"line":914,"column":40},"end":{"line":914,"column":51}}},"94":{"name":"(anonymous_94)","line":918,"loc":{"start":{"line":918,"column":42},"end":{"line":918,"column":53}}},"95":{"name":"(anonymous_95)","line":953,"loc":{"start":{"line":953,"column":12},"end":{"line":953,"column":23}}},"96":{"name":"Matrix","line":954,"loc":{"start":{"line":954,"column":4},"end":{"line":954,"column":25}}},"97":{"name":"(anonymous_97)","line":967,"loc":{"start":{"line":967,"column":25},"end":{"line":967,"column":40}}},"98":{"name":"(anonymous_98)","line":974,"loc":{"start":{"line":974,"column":27},"end":{"line":974,"column":38}}},"99":{"name":"(anonymous_99)","line":978,"loc":{"start":{"line":978,"column":32},"end":{"line":978,"column":49}}},"100":{"name":"(anonymous_100)","line":1016,"loc":{"start":{"line":1016,"column":33},"end":{"line":1016,"column":44}}},"101":{"name":"(anonymous_101)","line":1036,"loc":{"start":{"line":1036,"column":41},"end":{"line":1036,"column":52}}},"102":{"name":"(anonymous_102)","line":1076,"loc":{"start":{"line":1076,"column":31},"end":{"line":1076,"column":48}}},"103":{"name":"(anonymous_103)","line":1103,"loc":{"start":{"line":1103,"column":31},"end":{"line":1103,"column":42}}},"104":{"name":"(anonymous_104)","line":1141,"loc":{"start":{"line":1141,"column":15},"end":{"line":1141,"column":27}}},"105":{"name":"(anonymous_105)","line":1159,"loc":{"start":{"line":1159,"column":33},"end":{"line":1159,"column":44}}},"106":{"name":"(anonymous_106)","line":1231,"loc":{"start":{"line":1231,"column":19},"end":{"line":1231,"column":49}}},"107":{"name":"(anonymous_107)","line":1289,"loc":{"start":{"line":1289,"column":32},"end":{"line":1289,"column":43}}},"108":{"name":"(anonymous_108)","line":1304,"loc":{"start":{"line":1304,"column":40},"end":{"line":1304,"column":60}}},"109":{"name":"(anonymous_109)","line":1317,"loc":{"start":{"line":1317,"column":27},"end":{"line":1317,"column":47}}},"110":{"name":"(anonymous_110)","line":1342,"loc":{"start":{"line":1342,"column":22},"end":{"line":1342,"column":41}}},"111":{"name":"(anonymous_111)","line":1364,"loc":{"start":{"line":1364,"column":31},"end":{"line":1364,"column":50}}},"112":{"name":"(anonymous_112)","line":1387,"loc":{"start":{"line":1387,"column":37},"end":{"line":1387,"column":49}}},"113":{"name":"(anonymous_113)","line":1396,"loc":{"start":{"line":1396,"column":10},"end":{"line":1396,"column":29}}},"114":{"name":"(anonymous_114)","line":1400,"loc":{"start":{"line":1400,"column":29},"end":{"line":1400,"column":40}}},"115":{"name":"(anonymous_115)","line":1412,"loc":{"start":{"line":1412,"column":17},"end":{"line":1412,"column":28}}},"116":{"name":"(anonymous_116)","line":1419,"loc":{"start":{"line":1419,"column":16},"end":{"line":1419,"column":28}}},"117":{"name":"(anonymous_117)","line":1432,"loc":{"start":{"line":1432,"column":35},"end":{"line":1432,"column":55}}},"118":{"name":"(anonymous_118)","line":1442,"loc":{"start":{"line":1442,"column":18},"end":{"line":1442,"column":41}}},"119":{"name":"(anonymous_119)","line":1475,"loc":{"start":{"line":1475,"column":16},"end":{"line":1475,"column":40}}},"120":{"name":"(anonymous_120)","line":1482,"loc":{"start":{"line":1482,"column":19},"end":{"line":1482,"column":64}}},"121":{"name":"(anonymous_121)","line":1485,"loc":{"start":{"line":1485,"column":53},"end":{"line":1485,"column":71}}},"122":{"name":"(anonymous_122)","line":1517,"loc":{"start":{"line":1517,"column":28},"end":{"line":1517,"column":48}}},"123":{"name":"(anonymous_123)","line":1544,"loc":{"start":{"line":1544,"column":19},"end":{"line":1544,"column":37}}},"124":{"name":"(anonymous_124)","line":1548,"loc":{"start":{"line":1548,"column":15},"end":{"line":1548,"column":26}}},"125":{"name":"(anonymous_125)","line":1552,"loc":{"start":{"line":1552,"column":48},"end":{"line":1552,"column":59}}},"126":{"name":"(anonymous_126)","line":1559,"loc":{"start":{"line":1559,"column":15},"end":{"line":1559,"column":35}}},"127":{"name":"(anonymous_127)","line":1574,"loc":{"start":{"line":1574,"column":18},"end":{"line":1574,"column":31}}},"128":{"name":"(anonymous_128)","line":1575,"loc":{"start":{"line":1575,"column":38},"end":{"line":1575,"column":56}}},"129":{"name":"(anonymous_129)","line":1583,"loc":{"start":{"line":1583,"column":24},"end":{"line":1583,"column":48}}},"130":{"name":"(anonymous_130)","line":1594,"loc":{"start":{"line":1594,"column":38},"end":{"line":1594,"column":49}}},"131":{"name":"(anonymous_131)","line":1599,"loc":{"start":{"line":1599,"column":26},"end":{"line":1599,"column":44}}},"132":{"name":"(anonymous_132)","line":1631,"loc":{"start":{"line":1631,"column":20},"end":{"line":1631,"column":31}}},"133":{"name":"(anonymous_133)","line":1632,"loc":{"start":{"line":1632,"column":11},"end":{"line":1632,"column":23}}},"134":{"name":"(anonymous_134)","line":1637,"loc":{"start":{"line":1637,"column":20},"end":{"line":1637,"column":38}}},"135":{"name":"(anonymous_135)","line":1647,"loc":{"start":{"line":1647,"column":9},"end":{"line":1647,"column":21}}},"136":{"name":"(anonymous_136)","line":1656,"loc":{"start":{"line":1656,"column":9},"end":{"line":1656,"column":21}}},"137":{"name":"(anonymous_137)",
[...]
    b = Math.sqrt(2 / (gravity * L * L));","      curve = {","        a: -b,","        b: b,","        H: 1","      };","      if (options.returnsToSelf) {","        curve.a = 0;","        curve.b = curve.b * 2;","      }","      curves.push(curve);","      L2 = L;","      _results = [];","      while (curve.b < 1 && curve.H > 0.001) {","        L2 = curve.b - curve.a;","        curve = {","          a: curve.b,","          b: curve.b + L2 * bounciness,","          H: curve.H * elasticity","        };","        _results.push(curves.push(curve));","      }","      return _results;","    })();","    fn = function(t) {","      var curve, i, v;","      i = 0;","      curve = curves[i];","      while (!(t >= curve.a && t <= curve.b)) {","        i += 1;","        curve = curves[i];","        if (!curve) {","          break;","        }","      }","      if (!curve) {","        v = options.returnsToSelf ? 0 : 1;","      } else {","        v = getPointInCurve(curve.a, curve.b, curve.H, t);","      }","      return v;","    };","    fn.returnsToSelf = options.returnsToSelf;","    return fn;","  };","","  dynamics.forceWithGravity = function(options) {","    if (options == null) {","      options = {};","    }","    applyDefaults(options, dynamics.forceWithGravity.defaults);","    options.returnsToSelf = true;","    return dynamics.gravity(options);","  };","","  dynamics.bezier = (function() {","    var Bezier, Bezier_, yForX;","    Bezier_ = function(t, p0, p1, p2, p3) {","      return (Math.pow(1 - t, 3) * p0) + (3 * Math.pow(1 - t, 2) * t * p1) + (3 * (1 - t) * Math.pow(t, 2) * p2) + Math.pow(t, 3) * p3;","    };","    Bezier = function(t, p0, p1, p2, p3) {","      return {","        x: Bezier_(t, p0.x, p1.x, p2.x, p3.x),","        y: Bezier_(t, p0.y, p1.y, p2.y, p3.y)","      };","    };","    yForX = function(xTarget, Bs, returnsToSelf) {","      var B, aB, i, lower, percent, upper, x, xTolerance, _i, _len;","      B = null;","      for (_i = 0, _len = Bs.length; _i < _len; _i++) {","        aB = Bs[_i];","        if (xTarget >= aB(0).x && xTarget <= aB(1).x) {","          B = aB;","        }","        if (B !== null) {","          break;","        }","      }","      if (!B) {","        if (returnsToSelf) {","          return 0;","        } else {","          return 1;","        }","      }","      xTolerance = 0.0001;","      lower = 0;","      upper = 1;","      percent = (upper + lower) / 2;","      x = B(percent).x;","      i = 0;","      while (Math.abs(xTarget - x) > xTolerance && i < 100) {","        if (xTarget > x) {","          lower = percent;","        } else {","          upper = percent;","        }","        percent = (upper + lower) / 2;","        x = B(percent).x;","        i += 1;","      }","      return B(percent).y;","    };","    return function(options) {","      var Bs, fn, points;","      if (options == null) {","        options = {};","      }","      points = options.points;","      Bs = (function() {","        var i, k, _fn;","        Bs = [];","        _fn = function(pointA, pointB) {","          var B2;","          B2 = function(t) {","            return Bezier(t, pointA, pointA.cp[pointA.cp.length - 1], pointB.cp[0], pointB);","          };","          return Bs.push(B2);","        };","        for (i in points) {","          k = parseInt(i);","          if (k >= points.length - 1) {","            break;","          }","          _fn(points[k], points[k + 1]);","        }","        return Bs;","      })();","      fn = function(t) {","        if (t === 0) {","          return 0;","        } else if (t === 1) {","          return 1;","        } else {","          return yForX(t, Bs, this.returnsToSelf);","        }","      };","      fn.returnsToSelf = points[points.length - 1].y === 0;","      return fn;","    };","  })();","","  dynamics.easeInOut = function(options) {","    var friction, _ref;","    if (options == null) {","      options = {};","    }","    friction = (_ref = options.friction) != null ? _ref : dynamics.easeInOut.defaults.friction;","    return dynamics.bezier({","      points: [","        {","          x: 0,","          y: 0,","          cp: [","            {","              x: 0.92 - (friction / 1000),","              y: 0","            }","          ]","        }, {","          x: 1,","          y: 1,","          cp: [","            {","              x: 0.08 + (friction / 1000),","              y: 1","            }","          ]","        }","      ]","    });","  };","","  dynamics.easeIn = function(options) {","    var friction, _ref;","    if (options == null) {","      options = {};","    }","    friction = (_ref = options.friction) != null ? _ref : dynamics.easeIn.defaults.friction;","    return dynamics.bezier({","      points: [","        {","          x: 0,","          y: 0,","          cp: [","            {","              x: 0.92 - (friction / 1000),","              y: 0","            }","          ]","        }, {","          x: 1,","          y: 1,","          cp: [","            {","              x: 1,","              y: 1","            }","          ]","        }","      ]","    });","  };","","  dynamics.easeOut = function(options) {","    var friction, _ref;","    if (options == null) {","      options = {};","    }","    friction = (_ref = options.friction) != null ? _ref : dynamics.easeOut.defaults.friction;","    return dynamics.bezier({","      points: [","        {","          x: 0,","          y: 0,","          cp: [","            {","              x: 0,","              y: 0","            }","          ]","        }, {","          x: 1,","          y: 1,","          cp: [","            {","              x: 0.08 + (friction / 1000),","              y: 1","            }","          ]","        }","      ]","    });","  };","","  dynamics.spring.defaults = {","    frequency: 300,","    friction: 200,","    anticipationSize: 0,","    anticipationStrength: 0","  };","","  dynamics.bounce.defaults = {","    frequency: 300,","    friction: 200","  };","","  dynamics.forceWithGravity.defaults = dynamics.gravity.defaults = {","    bounciness: 400,","    elasticity: 200","  };","","  dynamics.easeInOut.defaults = dynamics.easeIn.defaults = dynamics.easeOut.defaults = {","    friction: 500","  };","","  dynamics.css = makeArrayFn(function(el, properties) {","    return applyProperties(el, properties, true);","  });","","  dynamics.animate = makeArrayFn(function(el, properties, options) {","    var id;","    if (options == null) {","      options = {};","    }","    options = clone(options);","    applyDefaults(options, {","      type: dynamics.easeInOut,","      duration: 1000,","      delay: 0,","      animated: true","    });","    options.duration = Math.max(0, options.duration * slowRatio);","    options.delay = Math.max(0, options.delay);","    if (options.delay === 0) {","      return startAnimation(el, properties, options);","    } else {","      id = dynamics.setTimeout(function() {","        return startAnimation(el, properties, options, id);","      }, options.delay);","      return animationsTimeouts.push({","        id: id,","        el: el","      });","    }","  });","","  dynamics.stop = makeArrayFn(function(el, options) {","    if (options == null) {","      options = {};","    }","    if (options.timeout == null) {","      options.timeout = true;","    }","    if (options.timeout) {","      animationsTimeouts = animationsTimeouts.filter(function(timeout) {","        if (timeout.el === el && ((options.filter == null) || options.filter(timeout))) {","          dynamics.clearTimeout(timeout.id);","          return false;","        }","        return true;","      });","    }","    return animations = animations.filter(function(animation) {","      return animation.el !== el;","    });","  });","","  dynamics.setTimeout = function(fn, delay) {","    return addTimeout(fn, delay * slowRatio);","  };","","  dynamics.clearTimeout = function(id) {","    return cancelTimeout(id);","  };","","  dynamics.toggleSlow = function() {","    slow = !slow;","    if (slow) {","      slowRatio = 3;","    } else {","      slowRatio = 1;","    }","    return typeof console !== \"undefined\" && console !== null ? typeof console.log === \"function\" ? console.log(\"dynamics.js: slow animations \" + (slow ? \"enabled\" : \"disabled\")) : void 0 : void 0;","  };","","  if (typeof module === \"object\" && typeof module.exports === \"object\") {","    module.exports = dynamics;","  } else if (typeof define === \"function\") {","    define('dynamics', function() {","      return dynamics;","    });","  } else {","    window.dynamics = dynamics;","  }","","}).call(this);",""],"l":{"2":1,"3":1,"4":0,"6":1,"7":0,"10":1,"11":1,"12":1,"13":1,"14":0,"15":0,"16":0,"17":0,"18":0,"19":0,"21":0,"24":1,"25":1,"29":1,"30":0,"31":0,"32":0,"33":0,"34":0,"36":0,"39":1,"40":3,"41":3,"42":3,"43":0,"44":0,"45":0,"46":0,"47":0,"49":0,"50":0,"51":0,"53":0,"57":1,"58":3,"59":0,"60":0,"61":0,"62":0,"63":0,"64":0,"65":0,"66":0,"67":0,"69":0,"71":0,"73":0,"77":1,"78":0,"79":0,"80":0,"81":0,"82":0,"84":0,"87":1,"88":0,"89":0,"90":0,"92":0,"93":0,"94":0,"95":0,"97":0,"101":1,"102":0,"103":0,"104":0,"105":0,"106":0,"107":0,"108":0,"109":0,"111":0,"112":0,"114":0,"115":0,"117":0,"118":0,"119":0,"120":0,"122":0,"123":0,"127":0,"128":0,"129":0,"130":0,"131":0,"133":0,"134":0,"136":0,"141":1,"142":0,"143":0,"144":0,"146":0,"150":1,"151":0,"152":0,"153":0,"156":1,"157":1,"158":4,"159":4,"160":4,"161":119,"162":119,"166":1,"167":0,"170":1,"174":1,"175":0,"176":0,"180":1,"182":1,"184":1,"186":1,"188":1,"189":0,"190":0,"192":0,"193":0,"194":0,"195":0,"197":0,"200":1,"201":0,"202":0,"203":0,"204":0,"205":0,"207":0,"209":0,"210":0,"211":0,"213":0,"216":1,"217":0,"218":0,"219":0,"220":0,"221":0,"222":0,"223":0,"224":0,"226":0,"227":0,"228":0,"229":0,"233":0,"236":0,"239":1,"240":0,"241":0,"242":0,"245":1,"246":0,"247":0,"248":0,"249":0,"250":0,"251":0,"252":0,"253":0,"254":0,"255":0,"256":0,"258":0,"260":0,"263":0,"264":0,"265":0,"266":0,"268":0,"270":0,"271":0,"273":0,"274":0,"276":0,"280":0,"281":0,"282":0,"285":0,"286":0,"289":1,"290":0,"291":0,"292":0,"293":0,"294":0,"296":0,"298":0,"301":1,"302":0,"303":0,"304":0,"305":0,"306":0,"307":0,"308":0,"311":0,"314":1,"315":1,"316":0,"317":0,"318":0,"321":1,"322":0,"323":0,"324":0,"325":0,"326":0,"327":0,"328":0,"330":0,"333":0,"336":1,"337":0,"338":0,"339":0,"340":0,"342":0,"345":0,"348":1,"349":0,"350":0,"351":0,"352":0,"357":0,"363":0,"371":0,"372":0,"373":0,"374":0,"375":0,"382":0,"383":0,"384":0,"386":0,"389":0,"390":0,"391":0,"392":0,"393":0,"394":0,"396":0,"397":0,"399":0,"400":0,"402":0,"403":0,"405":0,"408":1,"412":1,"413":1,"414":0,"415":0,"416":0,"419":1,"420":0,"421":0,"422":0,"423":0,"424":0,"425":0,"426":0,"427":0,"429":0,"432":0,"435":1,"436":0,"439":1,"440":0,"441":0,"442":0,"443":0,"444":0,"445":0,"447":0,"449":0,"452":1,"456":1,"457":1,"458":0,"459":0,"460":0,"463":1,"464":0,"465":0,"466":0,"467":0,"470":1,"471":0,"474":1,"475":0,"476":0,"478":0,"481":1,"485":1,"486":1,"487":0,"488":0,"489":0,"492":1,"493":0,"494":0,"495":0,"496":0,"497":0,"498":0,"499":0,"501":0,"504":0,"507":1,"508":0,"509":0,"510":0,"512":0,"517":1,"518":0,"519":0,"520":0,"522":0,"523":0,"525":0,"528":1,"529":0,"530":0,"532":0,"535":1,"539":1,"540":1,"541":0,"542":0,"543":0,"544":0,"545":0,"548":1,"549":0,"550":0,"551":0,"552":0,"554":0,"555":0,"556":0,"563":0,"566":1,"567":0,"568":0,"569":0,"570":0,"577":0,"580":1,"581":0,"582":0,"583":0,"584":0,"586":0,"590":1,"591":0,"594":1,"595":0,"598":1,"599":0,"602":1,"606":1,"607":1,"608":0,"609":0,"610":0,"613":1,"614":0,"615":0,"616":0,"617":0,"618":0,"619":0,"620":0,"621":0,"622":0,"624":0,"625":0,"626":0,"627":0,"630":1,"631":0,"632":0,"633":0,"634":0,"635":0,"636":0,"640":1,"641":0,"642":0,"643":0,"645":0,"646":0,"647":0,"649":0,"652":1,"656":1,"657":1,"658":0,"659":0,"660":0,"661":0,"664":1,"665":0,"666":0,"667":0,"668":0,"669":0,"670":0,"671":0,"672":0,"675":0,"676":0,"678":0,"679":0,"680":0,"681":0,"683":0,"686":1,"687":0,"690":1,"691":0,"692":0,"693":0,"694":0,"695":0,"696":0,"697":0,"698":0,"699":0,"700":0,"702":0,"705":1,"709":1,"711":1,"712":1,"713":0,"714":0,"715":0,"716":0,"717":0,"721":1,"722":0,"723":0,"724":0,"725":0,"726":0,"727":0,"728":0,"729":0,"737":1,"738":0,"739":0,"740":0,"741":0,"742":0,"744":0,"745":0,"746":0,"747":0,"748":0,"749":0,"750":0,"751":0,"752":0,"753":0,"754":0,"755":0,"756":0,"757":0,"758":0,"759":0,"762":0,"763":0,"766":1,"770":1,"771":1,"772":0,"773":0,"774":0,"775":0,"776":0,"777":0,"778":0,"781":1,"782":0,"783":0,"785":0,"789":1,"790":0,"791":0,"792":0,"793":0,"794":0,"795":0,"797":0,"798":0,"799":0,"801":0,"804":1,"805":0,"806":0,"807":0,"808":0,"810":0,"811":0,"814":1,"815":0,"816":0,"817":0,"818":0,"819":0,"820":0,"822":0,"825":1,"826":0,"827":0,"828":0,"829":0,"830":0,"831":0,"832":0,"834":0,"837":1,"838":0,"839":0,"840":0,"841":0,"843":0,"846":1,"850":1,"851":1,"852":0,"853":0,"854":0,"857":1,"858":0,"859":0,"860":0,"862":0,"863":0,"864":0,"865":0,"866":0,"867":0,"868":0,"869":0,"870":0,"872":0,"876":0,"877":0,"878":0,"879":0,"880":0,"881":0,"882":0,"884":0,"886":0,"887":0,"888":0,"889":0,"890":0,"891":0,"893":0,"894":0,"897":0,"898":0,"899":0,"900":0,"901":0,"902":0,"904":0,"905":0,"906":0,"909":0,"911":0,"914":1,"915":0,"918":1,"919":0,"920":0,"921":0,"922":0,"923":0,"925":0,"926":0,"927":0,"928":0,"929":0,"930":0,"931":0,"932":0,"933":0,"934":0,"935":0,"936":0,"939":0,"940":0,"941":0,"942":0,"944":0,"946":0,"949":1,"953":1,"954":1,"955":0,"956":0,"957":0,"958":0,"959":0,"960":0,"961":0,"962":0,"963":0,"964":0,"967":1,"968":0,"969":0,"971":0,"974":1,"975":0,"978":1,"979":0,"980":0,"981":0,"982":0,"983":0,"985":0,"986":0,"987":0,"988":0,"989":0,"990":0,"991":0,"992":0,"993":0,"994":0,"995":0,"996":0,"997":0,"998":0,"999":0,"1000":0,"1001":0,"1002":0,"1003":0,"1005":0,"1008":0,"1009":0,"1010":0,"1012":0,"1016":1,"1017":0,"1018":0,"1019":0,"1020":0,"1021":0,"1022":0,"1023":0,"1024":0,"1025":0,"1026":0,"1027":0,"1028":0,"1029":0,"1030":0,"1033":0,"1036":1,"1037":0,"1038":0,"1039":0,"1040":0,"1041":0,"1042":0,"1043":0,"1044":0,"1045":0,"1046":0,"1047":0,"1048":0,"1049":0,"1050":0,"1051":0,"1052":0,"1054":0,"1055":0,"1059":0,"1060":0,"1061":0,"1062":0,"1063":0,"1064":0,"1065":0,"1066":0,"1067":0,"1069":0,"1073":0,"1076":1,"1077":0,"1078":0,"1079":0,"1080":0,"1082":0,"1083":0,"1084":0,"1085":0,"1086":0,"1087":0,"1088":0,"1090":0,"1091":0,"1092":0,"1093":0,"1094":0,"1095":0,"1096":0,"1097":0,"1100":0,"1103":1,"1104":0,"1105":0,"1106":0,"1107":0,"1108":0,"1109":0,"1110":0,"1111":0,"1112":0,"1113":0,"1114":0,"1115":0,"1116":0,"1117":0,"1118":0,"1119":0,"1120":0,"1121":0,"1122":0,"1123":0,"1126":0,"1127":0,"1128":0,"1129":0,"1130":0,"1131":0,"1132":0,"1133":0,"1135":0,"1138":0,"1141":1,"1142":0,"1143":0,"1144":0,"1145":0,"1146":0,"1147":0,"1148":0,"1149":0,"1150":0,"1151":0,"1152":0,"1153":0,"1156":0,"1159":1,"1160":0,"1161":0,"1162":0,"1163":0,"1164":0,"1165":0,"1166":0,"1167":0,"1168":0,"1169":0,"1170":0,"1171":0,"1174":0,"1175":0,"1177":0,"1178":0,"1179":0,"1182":0,"1183":0,"1184":0,"1186":0,"1187":0,"1188":0,"1189":0,"1190":0,"1191":0,"1192":0,"1193":0,"1195":0,"1197":0,"1199":0,"1200":0,"1201":0,"1203":0,"1204":0,"1205":0,"1207":0,"1208":0,"1209":0,"1210":0,"1211":0,"1212":0,"1213":0,"1214":0,"1215":0,"1216":0,"1217":0,"1218":0,"1219":0,"1220":0,"1221":0,"1222":0,"1223":0,"1224":0,"1225":0,"1226":0,"1227":0,"1231":0,"1232":0,"1234":0,"1235":0,"1236":0,"1237":0,"1238":0,"1240":0,"1241":0,"1243":0,"1244":0,"1245":0,"1246":0,"1247":0,"1248":0,"1249":0,"1250":0,"1251":0,"1252":0,"1253":0,"1254":0,"1255":0,"1256":0,"1257":0,"1258":0,"1259":0,"1260":0,"1261":0,"1263":0,"1264":0,"1265":0,"1266":0,"1267":0,"1269":0,"1270":0,"1271":0,"1272":0,"1273":0,"1274":0,"1275":0,"1276":0,"1277":0,"1278":0,"1279":0,"1280":0,"1281":0,"1282":0,"1286":0,"1289":1,"1290":0,"1291":0,"1292":0,"1293":0,"1294":0,"1295":0,"1296":0,"1300":0,"1301":0,"1304":1,"1305":0,"1306":0,"1307":0,"1308":0,"1309":0,"1310":0,"1311":0,"1312":0,"1313":0,"1314":0,"1317":1,"1318":0,"1319":0,"1320":0,"1321":0,"1322":0,"1323":0,"1324":0,"1326":0,"1329":0,"1331":0,"1332":0,"1333":0,"1335":0,"1338":1,"1342":1,"1343":0,"1344":0,"1345":0,"1347":0,"1348":0,"1349":0,"1350":0,"1351":0,"1353":0,"1354":0,"1355":0,"1356":0,"1357":0,"1358":0,"1361":0,"1364":1,"1365":0,"1366":0,"1367":0,"1368":0,"1370":0,"1371":0,"1373":0,"1376":1,"1378":1,"1380":1,"1382":1,"1384":1,"1386":1,"1387":0,"1388":0,"1389":0,"1394":1,"1395":1,"1396":1,"1397":0,"1398":0,"1399":0,"1400":0,"1401":0,"1403":0,"1404":0,"1408":1,"1410":1,"1412":1,"1413":0,"1414":0,"1415":0,"1419":1,"1420":0,"1421":0,"1422":0,"1423":0,"1425":0,"1426":0,"1427":0,"1428":0,"1429":0,"1432":0,"1433":0,"1435":0,"1436":0,"1438":0,"1442":1,"1443":0,"1444":0,"1445":0,"1447":0,"1448":0,"1449":0,"1450":0,"1451":0,"1452":0,"1454":0,"1457":0,"1458":0,"1459":0,"1460":0,"1463":0,"1464":0,"1465":0,"1467":0,"1468":0,"1469":0,"1472":0,"1475":1,"1476":0,"1477":0,"1479":0,"1482":1,"1483":0,"1484":0,"1485":0,"1486":0,"1489":0,"1492":0,"1493":0,"1494":0,"1495":0,"1497":0,"1499":0,"1500":0,"1501":0,"1502":0,"1503":0,"1504":0,"1505":0,"1506":0,"1508":0,"1511":0,"1512":0,"1513":0,"1514":0,"1515":0,"1517":0,"1518":0,"1520":0,"1522":0,"1523":0,"1524":0,"1527":0,"1528":0,"1537":0,"1540":1,"1542":1,"1544":1,"1545":0,"1546":0,"1548":0,"1549":0,"1550":0,"1552":0,"1553":0,"1554":0,"1559":1,"1560":0,"1561":0,"1562":0,"1569":0,"1570":0,"1571":0,"1574":1,"1575":0,"1576":0,"1577":0,"1579":0,"1583":1,"1584":0,"1585":0,"1586":0,"1587":0,"1589":0,"1593":1,"1594":0,"1597":1,"1599":1,"1600":0,"1601":0,"1602":0,"1603":0,"1604":0,"1605":0,"1606":0,"1607":0,"1609":0,"1611":0,"1612":0,"1613":0,"1614":0,"1615":0,"1616":0,"1620":0,"1621":0,"1622":0,"1623":0,"1625":0,"1629":1,"1631":1,"1632":0,"1633":0,"1637":1,"1638":0,"1639":0,"1640":0,"1642":0,"1643":0,"1644":0,"1645":0,"1646":0,"1647":0,"1648":0,"1649":0,"1650":0,"1651":0,"1652":0,"1653":0,"1654":0,"1656":0,"1657":0,"1659":0,"1660":0,"1661":0,"1662":0,"1663":0,"1664":0,"1665":0,"1666":0,"1667":0,"1669":0,"1670":0,"1671":0,"1673":0,"1674":0,"1675":0,"1679":1,"1680":0,"1681":0,"1682":0,"1684":0,"1685":0,"1686":0,"1687":0,"1688":0,"1690":0,"1691":0,"1692":0,"1693":0,"1694":0,"1695":0,"1696":0,"1698":0,"1699":0,"1702":1,"1703":0,"1704":0,"1705":0,"1707":0,"1708":0,"1709":0,"1710":0,"1711":0,"1712":0,"1713":0,"1714":0,"1715":0,"1720":0,"1721":0,"1722":0,"1724":0,"1725":0,"1726":0,"1732":0,"1734":0,"1735":0,"1736":0,"1737":0,"1738":0,"1739":0,"1740":0,"1742":0,"1744":0,"1745":0,"1746":0,"1747":0,"1752":0,"1753":0,"1754":0,"1756":0,"1757":0,"1758":0,"1759":0,"1760":0,"1761":0,"1766":0,"1768":0,"1770":0,"1771":0,"1772":0,"1773":0,"1774":0,"1775":0,"1776":0,"1777":0,"1778":0,"1781":0,"1782":0,"1784":0,"1786":0,"1788":0,"1789":0,"1792":1,"1793":0,"1794":0,"1796":0,"1797":0,"1798":0,"1801":1,"1802":1,"1803":1,"1804":0,"1806":1,"1807":0,"1812":1,"1813":0,"1814":0,"1815":0,"1816":0,"1817":0,"1818":0,"1820":0,"1821":0,"1824":0,"1825":0,"1826":0,"1828":0,"1831":0,"1832":0,"1833":0,"1834":0,"1835":0,"1836":0,"1837":0,"1838":0,"1839":0,"1841":0,"1843":0,"1844":0,"1845":0,"1847":0,"1849":1,"1850":0,"1851":0,"1852":0,"1854":0,"1855":0,"1856":0,"1857":0,"1858":0,"1859":0,"1860":0,"1861":0,"1863":0,"1865":0,"1866":0,"1867":0,"1868":0,"1870":0,"1872":0,"1874":0,"1875":0,"1876":0,"1877":0,"1878":0,"1880":0,"1883":0,"1884":0,"1888":1,"1889":0,"1890":0,"1891":0,"1893":0,"1894":0,"1919":1,"1920":0,"1921":0,"1922":0,"1924":0,"1925":0,"1950":1,"1951":0,"1952":0,"1953":0,"1955":0,"1956":0,"1981":1,"1988":1,"1993":1,"1998":1,"2002":1,"2003":0,"2006":1,"2007":0,"2008":0,"2009":0,"2011":0,"2012":0,"2018":0,"2019":0,"2020":0,"2021":0,"2023":0,"2024":0,"2026":0,"2033":1,"2034":0,"2035":0,"2037":0,"2038":0,"2040":0,"2041":0,"2042":0,"2043":0,"2044":0,"2046":0,"2049":0,"2050":0,"2054":1,"2055":0,"2058":1,"2059":0,"2062":1,"2063":0,"2064":0,"2065":0,"2067":0,"2069":0,"2072":1,"2073":1,"2074":0,"2075":0,"2076":0,"2079":0}}}